ERROR - 2023-11-09 02:22:22 --> mysqli_sql_exception: MySQL server has gone away in C:\xampp\htdocs\rdjadmrl\system\Database\MySQLi\Connection.php:295
Stack trace:
#0 C:\xampp\htdocs\rdjadmrl\system\Database\MySQLi\Connection.php(295): mysqli->query('SELECT *\nFROM `...', 0)
#1 C:\xampp\htdocs\rdjadmrl\system\Database\BaseConnection.php(692): CodeIgniter\Database\MySQLi\Connection->execute('SELECT *\nFROM `...')
#2 C:\xampp\htdocs\rdjadmrl\system\Database\BaseConnection.php(606): CodeIgniter\Database\BaseConnection->simpleQuery('SELECT *\nFROM `...')
#3 C:\xampp\htdocs\rdjadmrl\system\Database\BaseBuilder.php(1616): CodeIgniter\Database\BaseConnection->query('SELECT *\nFROM `...', Array, false)
#4 C:\xampp\htdocs\rdjadmrl\app\Models\ModelMasyarakat.php(35): CodeIgniter\Database\BaseBuilder->get()
#5 C:\xampp\htdocs\rdjadmrl\app\Controllers\Home.php(51): App\Models\ModelMasyarakat->LoginUser('owner', '1')
#6 C:\xampp\htdocs\rdjadmrl\system\CodeIgniter.php(932): App\Controllers\Home->CekLogin()
#7 C:\xampp\htdocs\rdjadmrl\system\CodeIgniter.php(497): CodeIgniter\CodeIgniter->runController(Object(App\Controllers\Home))
#8 C:\xampp\htdocs\rdjadmrl\system\CodeIgniter.php(366): CodeIgniter\CodeIgniter->handleRequest(NULL, Object(Config\Cache), false)
#9 C:\xampp\htdocs\rdjadmrl\public\index.php(67): CodeIgniter\CodeIgniter->run()
#10 {main}
CRITICAL - 2023-11-09 02:22:22 --> MySQL server has gone away
in SYSTEMPATH\Database\MySQLi\Connection.php on line 295.
 1 SYSTEMPATH\Database\MySQLi\Connection.php(295): mysqli->query('SELECT *
FROM `masyarakat`
WHERE `username` = \'owner\'
AND `password` = \'1\'', 0)
 2 SYSTEMPATH\Database\BaseConnection.php(692): CodeIgniter\Database\MySQLi\Connection->execute('SELECT *
FROM `masyarakat`
WHERE `username` = \'owner\'
AND `password` = \'1\'')
 3 SYSTEMPATH\Database\BaseConnection.php(606): CodeIgniter\Database\BaseConnection->simpleQuery('SELECT *
FROM `masyarakat`
WHERE `username` = \'owner\'
AND `password` = \'1\'')
 4 SYSTEMPATH\Database\BaseBuilder.php(1616): CodeIgniter\Database\BaseConnection->query('SELECT *
FROM `masyarakat`
WHERE `username` = :username:
AND `password` = :password:', [...], false)
 5 APPPATH\Models\ModelMasyarakat.php(35): CodeIgniter\Database\BaseBuilder->get()
 6 APPPATH\Controllers\Home.php(51): App\Models\ModelMasyarakat->LoginUser('owner', '1')
 7 SYSTEMPATH\CodeIgniter.php(932): App\Controllers\Home->CekLogin()
 8 SYSTEMPATH\CodeIgniter.php(497): CodeIgniter\CodeIgniter->runController(Object(App\Controllers\Home))
 9 SYSTEMPATH\CodeIgniter.php(366): CodeIgniter\CodeIgniter->handleRequest(null, Object(Config\Cache), false)
10 FCPATH\index.php(67): CodeIgniter\CodeIgniter->run()
