WARNING - 2023-09-19 02:53:28 --> [DEPRECATED] Creation of dynamic property App\Controllers\Home::$ModelMasyarakat is deprecated in APPPATH\Controllers\Home.php on line 12.
 1 SYSTEMPATH\CodeIgniter.php(904): App\Controllers\Home->__construct()
 2 SYSTEMPATH\CodeIgniter.php(488): CodeIgniter\CodeIgniter->createController()
 3 SYSTEMPATH\CodeIgniter.php(366): CodeIgniter\CodeIgniter->handleRequest(null, Object(Config\Cache), false)
 4 FCPATH\index.php(67): CodeIgniter\CodeIgniter->run()
WARNING - 2023-09-19 02:53:28 --> [DEPRECATED] Creation of dynamic property App\Controllers\Home::$ModelPetugas is deprecated in APPPATH\Controllers\Home.php on line 13.
 1 SYSTEMPATH\CodeIgniter.php(904): App\Controllers\Home->__construct()
 2 SYSTEMPATH\CodeIgniter.php(488): CodeIgniter\CodeIgniter->createController()
 3 SYSTEMPATH\CodeIgniter.php(366): CodeIgniter\CodeIgniter->handleRequest(null, Object(Config\Cache), false)
 4 FCPATH\index.php(67): CodeIgniter\CodeIgniter->run()
INFO - 2023-09-19 02:53:28 --> Session: Class initialized using 'CodeIgniter\Session\Handlers\FileHandler' driver.
WARNING - 2023-09-19 02:53:31 --> [DEPRECATED] Creation of dynamic property App\Controllers\Home::$ModelMasyarakat is deprecated in APPPATH\Controllers\Home.php on line 12.
 1 SYSTEMPATH\CodeIgniter.php(904): App\Controllers\Home->__construct()
 2 SYSTEMPATH\CodeIgniter.php(488): CodeIgniter\CodeIgniter->createController()
 3 SYSTEMPATH\CodeIgniter.php(366): CodeIgniter\CodeIgniter->handleRequest(null, Object(Config\Cache), false)
 4 FCPATH\index.php(67): CodeIgniter\CodeIgniter->run()
WARNING - 2023-09-19 02:53:31 --> [DEPRECATED] Creation of dynamic property App\Controllers\Home::$ModelPetugas is deprecated in APPPATH\Controllers\Home.php on line 13.
 1 SYSTEMPATH\CodeIgniter.php(904): App\Controllers\Home->__construct()
 2 SYSTEMPATH\CodeIgniter.php(488): CodeIgniter\CodeIgniter->createController()
 3 SYSTEMPATH\CodeIgniter.php(366): CodeIgniter\CodeIgniter->handleRequest(null, Object(Config\Cache), false)
 4 FCPATH\index.php(67): CodeIgniter\CodeIgniter->run()
INFO - 2023-09-19 02:53:31 --> Session: Class initialized using 'CodeIgniter\Session\Handlers\FileHandler' driver.
WARNING - 2023-09-19 02:53:31 --> [DEPRECATED] Creation of dynamic property App\Controllers\ControllerProfile::$ModelMasyarakat is deprecated in APPPATH\Controllers\ControllerProfile.php on line 13.
 1 SYSTEMPATH\CodeIgniter.php(904): App\Controllers\ControllerProfile->__construct()
 2 SYSTEMPATH\CodeIgniter.php(488): CodeIgniter\CodeIgniter->createController()
 3 SYSTEMPATH\CodeIgniter.php(366): CodeIgniter\CodeIgniter->handleRequest(null, Object(Config\Cache), false)
 4 FCPATH\index.php(67): CodeIgniter\CodeIgniter->run()
WARNING - 2023-09-19 02:53:31 --> [DEPRECATED] Creation of dynamic property App\Controllers\ControllerProfile::$ModelPetugas is deprecated in APPPATH\Controllers\ControllerProfile.php on line 14.
 1 SYSTEMPATH\CodeIgniter.php(904): App\Controllers\ControllerProfile->__construct()
 2 SYSTEMPATH\CodeIgniter.php(488): CodeIgniter\CodeIgniter->createController()
 3 SYSTEMPATH\CodeIgniter.php(366): CodeIgniter\CodeIgniter->handleRequest(null, Object(Config\Cache), false)
 4 FCPATH\index.php(67): CodeIgniter\CodeIgniter->run()
INFO - 2023-09-19 02:53:31 --> Session: Class initialized using 'CodeIgniter\Session\Handlers\FileHandler' driver.
WARNING - 2023-09-19 02:53:32 --> [DEPRECATED] Creation of dynamic property App\Controllers\ControllerPengaduan::$ModelPengaduan is deprecated in APPPATH\Controllers\ControllerPengaduan.php on line 13.
 1 SYSTEMPATH\CodeIgniter.php(904): App\Controllers\ControllerPengaduan->__construct()
 2 SYSTEMPATH\CodeIgniter.php(488): CodeIgniter\CodeIgniter->createController()
 3 SYSTEMPATH\CodeIgniter.php(366): CodeIgniter\CodeIgniter->handleRequest(null, Object(Config\Cache), false)
 4 FCPATH\index.php(67): CodeIgniter\CodeIgniter->run()
WARNING - 2023-09-19 02:53:32 --> [DEPRECATED] Creation of dynamic property App\Controllers\ControllerPengaduan::$ModelMasyarakat is deprecated in APPPATH\Controllers\ControllerPengaduan.php on line 14.
 1 SYSTEMPATH\CodeIgniter.php(904): App\Controllers\ControllerPengaduan->__construct()
 2 SYSTEMPATH\CodeIgniter.php(488): CodeIgniter\CodeIgniter->createController()
 3 SYSTEMPATH\CodeIgniter.php(366): CodeIgniter\CodeIgniter->handleRequest(null, Object(Config\Cache), false)
 4 FCPATH\index.php(67): CodeIgniter\CodeIgniter->run()
INFO - 2023-09-19 02:53:32 --> Session: Class initialized using 'CodeIgniter\Session\Handlers\FileHandler' driver.
WARNING - 2023-09-19 02:53:33 --> [DEPRECATED] Creation of dynamic property App\Controllers\ControllerTanggapan::$ModelPengaduan is deprecated in APPPATH\Controllers\ControllerTanggapan.php on line 15.
 1 SYSTEMPATH\CodeIgniter.php(904): App\Controllers\ControllerTanggapan->__construct()
 2 SYSTEMPATH\CodeIgniter.php(488): CodeIgniter\CodeIgniter->createController()
 3 SYSTEMPATH\CodeIgniter.php(366): CodeIgniter\CodeIgniter->handleRequest(null, Object(Config\Cache), false)
 4 FCPATH\index.php(67): CodeIgniter\CodeIgniter->run()
WARNING - 2023-09-19 02:53:33 --> [DEPRECATED] Creation of dynamic property App\Controllers\ControllerTanggapan::$ModelMasyarakat is deprecated in APPPATH\Controllers\ControllerTanggapan.php on line 16.
 1 SYSTEMPATH\CodeIgniter.php(904): App\Controllers\ControllerTanggapan->__construct()
 2 SYSTEMPATH\CodeIgniter.php(488): CodeIgniter\CodeIgniter->createController()
 3 SYSTEMPATH\CodeIgniter.php(366): CodeIgniter\CodeIgniter->handleRequest(null, Object(Config\Cache), false)
 4 FCPATH\index.php(67): CodeIgniter\CodeIgniter->run()
WARNING - 2023-09-19 02:53:33 --> [DEPRECATED] Creation of dynamic property App\Controllers\ControllerTanggapan::$ModelTanggapan is deprecated in APPPATH\Controllers\ControllerTanggapan.php on line 17.
 1 SYSTEMPATH\CodeIgniter.php(904): App\Controllers\ControllerTanggapan->__construct()
 2 SYSTEMPATH\CodeIgniter.php(488): CodeIgniter\CodeIgniter->createController()
 3 SYSTEMPATH\CodeIgniter.php(366): CodeIgniter\CodeIgniter->handleRequest(null, Object(Config\Cache), false)
 4 FCPATH\index.php(67): CodeIgniter\CodeIgniter->run()
WARNING - 2023-09-19 02:53:33 --> [DEPRECATED] Creation of dynamic property App\Controllers\ControllerTanggapan::$ModelPetugas is deprecated in APPPATH\Controllers\ControllerTanggapan.php on line 18.
 1 SYSTEMPATH\CodeIgniter.php(904): App\Controllers\ControllerTanggapan->__construct()
 2 SYSTEMPATH\CodeIgniter.php(488): CodeIgniter\CodeIgniter->createController()
 3 SYSTEMPATH\CodeIgniter.php(366): CodeIgniter\CodeIgniter->handleRequest(null, Object(Config\Cache), false)
 4 FCPATH\index.php(67): CodeIgniter\CodeIgniter->run()
INFO - 2023-09-19 02:53:33 --> Session: Class initialized using 'CodeIgniter\Session\Handlers\FileHandler' driver.
WARNING - 2023-09-19 02:53:33 --> [DEPRECATED] Creation of dynamic property App\Controllers\ControllerPengaduan::$ModelPengaduan is deprecated in APPPATH\Controllers\ControllerPengaduan.php on line 13.
 1 SYSTEMPATH\CodeIgniter.php(904): App\Controllers\ControllerPengaduan->__construct()
 2 SYSTEMPATH\CodeIgniter.php(488): CodeIgniter\CodeIgniter->createController()
 3 SYSTEMPATH\CodeIgniter.php(366): CodeIgniter\CodeIgniter->handleRequest(null, Object(Config\Cache), false)
 4 FCPATH\index.php(67): CodeIgniter\CodeIgniter->run()
WARNING - 2023-09-19 02:53:33 --> [DEPRECATED] Creation of dynamic property App\Controllers\ControllerPengaduan::$ModelMasyarakat is deprecated in APPPATH\Controllers\ControllerPengaduan.php on line 14.
 1 SYSTEMPATH\CodeIgniter.php(904): App\Controllers\ControllerPengaduan->__construct()
 2 SYSTEMPATH\CodeIgniter.php(488): CodeIgniter\CodeIgniter->createController()
 3 SYSTEMPATH\CodeIgniter.php(366): CodeIgniter\CodeIgniter->handleRequest(null, Object(Config\Cache), false)
 4 FCPATH\index.php(67): CodeIgniter\CodeIgniter->run()
INFO - 2023-09-19 02:53:34 --> Session: Class initialized using 'CodeIgniter\Session\Handlers\FileHandler' driver.
WARNING - 2023-09-19 02:53:34 --> [DEPRECATED] Creation of dynamic property App\Controllers\ControllerProfile::$ModelMasyarakat is deprecated in APPPATH\Controllers\ControllerProfile.php on line 13.
 1 SYSTEMPATH\CodeIgniter.php(904): App\Controllers\ControllerProfile->__construct()
 2 SYSTEMPATH\CodeIgniter.php(488): CodeIgniter\CodeIgniter->createController()
 3 SYSTEMPATH\CodeIgniter.php(366): CodeIgniter\CodeIgniter->handleRequest(null, Object(Config\Cache), false)
 4 FCPATH\index.php(67): CodeIgniter\CodeIgniter->run()
WARNING - 2023-09-19 02:53:34 --> [DEPRECATED] Creation of dynamic property App\Controllers\ControllerProfile::$ModelPetugas is deprecated in APPPATH\Controllers\ControllerProfile.php on line 14.
 1 SYSTEMPATH\CodeIgniter.php(904): App\Controllers\ControllerProfile->__construct()
 2 SYSTEMPATH\CodeIgniter.php(488): CodeIgniter\CodeIgniter->createController()
 3 SYSTEMPATH\CodeIgniter.php(366): CodeIgniter\CodeIgniter->handleRequest(null, Object(Config\Cache), false)
 4 FCPATH\index.php(67): CodeIgniter\CodeIgniter->run()
INFO - 2023-09-19 02:53:34 --> Session: Class initialized using 'CodeIgniter\Session\Handlers\FileHandler' driver.
WARNING - 2023-09-19 02:53:35 --> [DEPRECATED] Creation of dynamic property App\Controllers\ControllerPengaduan::$ModelPengaduan is deprecated in APPPATH\Controllers\ControllerPengaduan.php on line 13.
 1 SYSTEMPATH\CodeIgniter.php(904): App\Controllers\ControllerPengaduan->__construct()
 2 SYSTEMPATH\CodeIgniter.php(488): CodeIgniter\CodeIgniter->createController()
 3 SYSTEMPATH\CodeIgniter.php(366): CodeIgniter\CodeIgniter->handleRequest(null, Object(Config\Cache), false)
 4 FCPATH\index.php(67): CodeIgniter\CodeIgniter->run()
WARNING - 2023-09-19 02:53:35 --> [DEPRECATED] Creation of dynamic property App\Controllers\ControllerPengaduan::$ModelMasyarakat is deprecated in APPPATH\Controllers\ControllerPengaduan.php on line 14.
 1 SYSTEMPATH\CodeIgniter.php(904): App\Controllers\ControllerPengaduan->__construct()
 2 SYSTEMPATH\CodeIgniter.php(488): CodeIgniter\CodeIgniter->createController()
 3 SYSTEMPATH\CodeIgniter.php(366): CodeIgniter\CodeIgniter->handleRequest(null, Object(Config\Cache), false)
 4 FCPATH\index.php(67): CodeIgniter\CodeIgniter->run()
INFO - 2023-09-19 02:53:36 --> Session: Class initialized using 'CodeIgniter\Session\Handlers\FileHandler' driver.
WARNING - 2023-09-19 02:53:37 --> [DEPRECATED] Creation of dynamic property App\Controllers\ControllerPengaduan::$ModelPengaduan is deprecated in APPPATH\Controllers\ControllerPengaduan.php on line 13.
 1 SYSTEMPATH\CodeIgniter.php(904): App\Controllers\ControllerPengaduan->__construct()
 2 SYSTEMPATH\CodeIgniter.php(488): CodeIgniter\CodeIgniter->createController()
 3 SYSTEMPATH\CodeIgniter.php(366): CodeIgniter\CodeIgniter->handleRequest(null, Object(Config\Cache), false)
 4 FCPATH\index.php(67): CodeIgniter\CodeIgniter->run()
WARNING - 2023-09-19 02:53:37 --> [DEPRECATED] Creation of dynamic property App\Controllers\ControllerPengaduan::$ModelMasyarakat is deprecated in APPPATH\Controllers\ControllerPengaduan.php on line 14.
 1 SYSTEMPATH\CodeIgniter.php(904): App\Controllers\ControllerPengaduan->__construct()
 2 SYSTEMPATH\CodeIgniter.php(488): CodeIgniter\CodeIgniter->createController()
 3 SYSTEMPATH\CodeIgniter.php(366): CodeIgniter\CodeIgniter->handleRequest(null, Object(Config\Cache), false)
 4 FCPATH\index.php(67): CodeIgniter\CodeIgniter->run()
INFO - 2023-09-19 02:53:37 --> Session: Class initialized using 'CodeIgniter\Session\Handlers\FileHandler' driver.
WARNING - 2023-09-19 02:53:37 --> [DEPRECATED] Creation of dynamic property App\Controllers\ControllerTanggapan::$ModelPengaduan is deprecated in APPPATH\Controllers\ControllerTanggapan.php on line 15.
 1 SYSTEMPATH\CodeIgniter.php(904): App\Controllers\ControllerTanggapan->__construct()
 2 SYSTEMPATH\CodeIgniter.php(488): CodeIgniter\CodeIgniter->createController()
 3 SYSTEMPATH\CodeIgniter.php(366): CodeIgniter\CodeIgniter->handleRequest(null, Object(Config\Cache), false)
 4 FCPATH\index.php(67): CodeIgniter\CodeIgniter->run()
WARNING - 2023-09-19 02:53:37 --> [DEPRECATED] Creation of dynamic property App\Controllers\ControllerTanggapan::$ModelMasyarakat is deprecated in APPPATH\Controllers\ControllerTanggapan.php on line 16.
 1 SYSTEMPATH\CodeIgniter.php(904): App\Controllers\ControllerTanggapan->__construct()
 2 SYSTEMPATH\CodeIgniter.php(488): CodeIgniter\CodeIgniter->createController()
 3 SYSTEMPATH\CodeIgniter.php(366): CodeIgniter\CodeIgniter->handleRequest(null, Object(Config\Cache), false)
 4 FCPATH\index.php(67): CodeIgniter\CodeIgniter->run()
WARNING - 2023-09-19 02:53:37 --> [DEPRECATED] Creation of dynamic property App\Controllers\ControllerTanggapan::$ModelTanggapan is deprecated in APPPATH\Controllers\ControllerTanggapan.php on line 17.
 1 SYSTEMPATH\CodeIgniter.php(904): App\Controllers\ControllerTanggapan->__construct()
 2 SYSTEMPATH\CodeIgniter.php(488): CodeIgniter\CodeIgniter->createController()
 3 SYSTEMPATH\CodeIgniter.php(366): CodeIgniter\CodeIgniter->handleRequest(null, Object(Config\Cache), false)
 4 FCPATH\index.php(67): CodeIgniter\CodeIgniter->run()
WARNING - 2023-09-19 02:53:37 --> [DEPRECATED] Creation of dynamic property App\Controllers\ControllerTanggapan::$ModelPetugas is deprecated in APPPATH\Controllers\ControllerTanggapan.php on line 18.
 1 SYSTEMPATH\CodeIgniter.php(904): App\Controllers\ControllerTanggapan->__construct()
 2 SYSTEMPATH\CodeIgniter.php(488): CodeIgniter\CodeIgniter->createController()
 3 SYSTEMPATH\CodeIgniter.php(366): CodeIgniter\CodeIgniter->handleRequest(null, Object(Config\Cache), false)
 4 FCPATH\index.php(67): CodeIgniter\CodeIgniter->run()
INFO - 2023-09-19 02:53:37 --> Session: Class initialized using 'CodeIgniter\Session\Handlers\FileHandler' driver.
WARNING - 2023-09-19 02:53:38 --> [DEPRECATED] Creation of dynamic property App\Controllers\ControllerPengaduan::$ModelPengaduan is deprecated in APPPATH\Controllers\ControllerPengaduan.php on line 13.
 1 SYSTEMPATH\CodeIgniter.php(904): App\Controllers\ControllerPengaduan->__construct()
 2 SYSTEMPATH\CodeIgniter.php(488): CodeIgniter\CodeIgniter->createController()
 3 SYSTEMPATH\CodeIgniter.php(366): CodeIgniter\CodeIgniter->handleRequest(null, Object(Config\Cache), false)
 4 FCPATH\index.php(67): CodeIgniter\CodeIgniter->run()
WARNING - 2023-09-19 02:53:38 --> [DEPRECATED] Creation of dynamic property App\Controllers\ControllerPengaduan::$ModelMasyarakat is deprecated in APPPATH\Controllers\ControllerPengaduan.php on line 14.
 1 SYSTEMPATH\CodeIgniter.php(904): App\Controllers\ControllerPengaduan->__construct()
 2 SYSTEMPATH\CodeIgniter.php(488): CodeIgniter\CodeIgniter->createController()
 3 SYSTEMPATH\CodeIgniter.php(366): CodeIgniter\CodeIgniter->handleRequest(null, Object(Config\Cache), false)
 4 FCPATH\index.php(67): CodeIgniter\CodeIgniter->run()
INFO - 2023-09-19 02:53:38 --> Session: Class initialized using 'CodeIgniter\Session\Handlers\FileHandler' driver.
WARNING - 2023-09-19 02:53:39 --> [DEPRECATED] Creation of dynamic property App\Controllers\ControllerProfile::$ModelMasyarakat is deprecated in APPPATH\Controllers\ControllerProfile.php on line 13.
 1 SYSTEMPATH\CodeIgniter.php(904): App\Controllers\ControllerProfile->__construct()
 2 SYSTEMPATH\CodeIgniter.php(488): CodeIgniter\CodeIgniter->createController()
 3 SYSTEMPATH\CodeIgniter.php(366): CodeIgniter\CodeIgniter->handleRequest(null, Object(Config\Cache), false)
 4 FCPATH\index.php(67): CodeIgniter\CodeIgniter->run()
WARNING - 2023-09-19 02:53:39 --> [DEPRECATED] Creation of dynamic property App\Controllers\ControllerProfile::$ModelPetugas is deprecated in APPPATH\Controllers\ControllerProfile.php on line 14.
 1 SYSTEMPATH\CodeIgniter.php(904): App\Controllers\ControllerProfile->__construct()
 2 SYSTEMPATH\CodeIgniter.php(488): CodeIgniter\CodeIgniter->createController()
 3 SYSTEMPATH\CodeIgniter.php(366): CodeIgniter\CodeIgniter->handleRequest(null, Object(Config\Cache), false)
 4 FCPATH\index.php(67): CodeIgniter\CodeIgniter->run()
INFO - 2023-09-19 02:53:39 --> Session: Class initialized using 'CodeIgniter\Session\Handlers\FileHandler' driver.
WARNING - 2023-09-19 02:53:50 --> [DEPRECATED] Creation of dynamic property App\Controllers\ControllerProfile::$ModelMasyarakat is deprecated in APPPATH\Controllers\ControllerProfile.php on line 13.
 1 SYSTEMPATH\CodeIgniter.php(904): App\Controllers\ControllerProfile->__construct()
 2 SYSTEMPATH\CodeIgniter.php(488): CodeIgniter\CodeIgniter->createController()
 3 SYSTEMPATH\CodeIgniter.php(366): CodeIgniter\CodeIgniter->handleRequest(null, Object(Config\Cache), false)
 4 FCPATH\index.php(67): CodeIgniter\CodeIgniter->run()
WARNING - 2023-09-19 02:53:50 --> [DEPRECATED] Creation of dynamic property App\Controllers\ControllerProfile::$ModelPetugas is deprecated in APPPATH\Controllers\ControllerProfile.php on line 14.
 1 SYSTEMPATH\CodeIgniter.php(904): App\Controllers\ControllerProfile->__construct()
 2 SYSTEMPATH\CodeIgniter.php(488): CodeIgniter\CodeIgniter->createController()
 3 SYSTEMPATH\CodeIgniter.php(366): CodeIgniter\CodeIgniter->handleRequest(null, Object(Config\Cache), false)
 4 FCPATH\index.php(67): CodeIgniter\CodeIgniter->run()
INFO - 2023-09-19 02:53:50 --> Session: Class initialized using 'CodeIgniter\Session\Handlers\FileHandler' driver.
WARNING - 2023-09-19 02:53:50 --> [DEPRECATED] Creation of dynamic property App\Controllers\ControllerPengaduan::$ModelPengaduan is deprecated in APPPATH\Controllers\ControllerPengaduan.php on line 13.
 1 SYSTEMPATH\CodeIgniter.php(904): App\Controllers\ControllerPengaduan->__construct()
 2 SYSTEMPATH\CodeIgniter.php(488): CodeIgniter\CodeIgniter->createController()
 3 SYSTEMPATH\CodeIgniter.php(366): CodeIgniter\CodeIgniter->handleRequest(null, Object(Config\Cache), false)
 4 FCPATH\index.php(67): CodeIgniter\CodeIgniter->run()
WARNING - 2023-09-19 02:53:50 --> [DEPRECATED] Creation of dynamic property App\Controllers\ControllerPengaduan::$ModelMasyarakat is deprecated in APPPATH\Controllers\ControllerPengaduan.php on line 14.
 1 SYSTEMPATH\CodeIgniter.php(904): App\Controllers\ControllerPengaduan->__construct()
 2 SYSTEMPATH\CodeIgniter.php(488): CodeIgniter\CodeIgniter->createController()
 3 SYSTEMPATH\CodeIgniter.php(366): CodeIgniter\CodeIgniter->handleRequest(null, Object(Config\Cache), false)
 4 FCPATH\index.php(67): CodeIgniter\CodeIgniter->run()
INFO - 2023-09-19 02:53:50 --> Session: Class initialized using 'CodeIgniter\Session\Handlers\FileHandler' driver.
WARNING - 2023-09-19 02:53:51 --> [DEPRECATED] Creation of dynamic property App\Controllers\ControllerPengaduan::$ModelPengaduan is deprecated in APPPATH\Controllers\ControllerPengaduan.php on line 13.
 1 SYSTEMPATH\CodeIgniter.php(904): App\Controllers\ControllerPengaduan->__construct()
 2 SYSTEMPATH\CodeIgniter.php(488): CodeIgniter\CodeIgniter->createController()
 3 SYSTEMPATH\CodeIgniter.php(366): CodeIgniter\CodeIgniter->handleRequest(null, Object(Config\Cache), false)
 4 FCPATH\index.php(67): CodeIgniter\CodeIgniter->run()
WARNING - 2023-09-19 02:53:51 --> [DEPRECATED] Creation of dynamic property App\Controllers\ControllerPengaduan::$ModelMasyarakat is deprecated in APPPATH\Controllers\ControllerPengaduan.php on line 14.
 1 SYSTEMPATH\CodeIgniter.php(904): App\Controllers\ControllerPengaduan->__construct()
 2 SYSTEMPATH\CodeIgniter.php(488): CodeIgniter\CodeIgniter->createController()
 3 SYSTEMPATH\CodeIgniter.php(366): CodeIgniter\CodeIgniter->handleRequest(null, Object(Config\Cache), false)
 4 FCPATH\index.php(67): CodeIgniter\CodeIgniter->run()
INFO - 2023-09-19 02:53:51 --> Session: Class initialized using 'CodeIgniter\Session\Handlers\FileHandler' driver.
WARNING - 2023-09-19 02:53:53 --> [DEPRECATED] Creation of dynamic property App\Controllers\Home::$ModelMasyarakat is deprecated in APPPATH\Controllers\Home.php on line 12.
 1 SYSTEMPATH\CodeIgniter.php(904): App\Controllers\Home->__construct()
 2 SYSTEMPATH\CodeIgniter.php(488): CodeIgniter\CodeIgniter->createController()
 3 SYSTEMPATH\CodeIgniter.php(366): CodeIgniter\CodeIgniter->handleRequest(null, Object(Config\Cache), false)
 4 FCPATH\index.php(67): CodeIgniter\CodeIgniter->run()
WARNING - 2023-09-19 02:53:53 --> [DEPRECATED] Creation of dynamic property App\Controllers\Home::$ModelPetugas is deprecated in APPPATH\Controllers\Home.php on line 13.
 1 SYSTEMPATH\CodeIgniter.php(904): App\Controllers\Home->__construct()
 2 SYSTEMPATH\CodeIgniter.php(488): CodeIgniter\CodeIgniter->createController()
 3 SYSTEMPATH\CodeIgniter.php(366): CodeIgniter\CodeIgniter->handleRequest(null, Object(Config\Cache), false)
 4 FCPATH\index.php(67): CodeIgniter\CodeIgniter->run()
INFO - 2023-09-19 02:53:53 --> Session: Class initialized using 'CodeIgniter\Session\Handlers\FileHandler' driver.
WARNING - 2023-09-19 02:53:53 --> [DEPRECATED] Creation of dynamic property App\Controllers\Home::$ModelMasyarakat is deprecated in APPPATH\Controllers\Home.php on line 12.
 1 SYSTEMPATH\CodeIgniter.php(904): App\Controllers\Home->__construct()
 2 SYSTEMPATH\CodeIgniter.php(488): CodeIgniter\CodeIgniter->createController()
 3 SYSTEMPATH\CodeIgniter.php(366): CodeIgniter\CodeIgniter->handleRequest(null, Object(Config\Cache), false)
 4 FCPATH\index.php(67): CodeIgniter\CodeIgniter->run()
WARNING - 2023-09-19 02:53:53 --> [DEPRECATED] Creation of dynamic property App\Controllers\Home::$ModelPetugas is deprecated in APPPATH\Controllers\Home.php on line 13.
 1 SYSTEMPATH\CodeIgniter.php(904): App\Controllers\Home->__construct()
 2 SYSTEMPATH\CodeIgniter.php(488): CodeIgniter\CodeIgniter->createController()
 3 SYSTEMPATH\CodeIgniter.php(366): CodeIgniter\CodeIgniter->handleRequest(null, Object(Config\Cache), false)
 4 FCPATH\index.php(67): CodeIgniter\CodeIgniter->run()
INFO - 2023-09-19 02:53:53 --> Session: Class initialized using 'CodeIgniter\Session\Handlers\FileHandler' driver.
WARNING - 2023-09-19 02:53:55 --> [DEPRECATED] Creation of dynamic property App\Controllers\Home::$ModelMasyarakat is deprecated in APPPATH\Controllers\Home.php on line 12.
 1 SYSTEMPATH\CodeIgniter.php(904): App\Controllers\Home->__construct()
 2 SYSTEMPATH\CodeIgniter.php(488): CodeIgniter\CodeIgniter->createController()
 3 SYSTEMPATH\CodeIgniter.php(366): CodeIgniter\CodeIgniter->handleRequest(null, Object(Config\Cache), false)
 4 FCPATH\index.php(67): CodeIgniter\CodeIgniter->run()
WARNING - 2023-09-19 02:53:55 --> [DEPRECATED] Creation of dynamic property App\Controllers\Home::$ModelPetugas is deprecated in APPPATH\Controllers\Home.php on line 13.
 1 SYSTEMPATH\CodeIgniter.php(904): App\Controllers\Home->__construct()
 2 SYSTEMPATH\CodeIgniter.php(488): CodeIgniter\CodeIgniter->createController()
 3 SYSTEMPATH\CodeIgniter.php(366): CodeIgniter\CodeIgniter->handleRequest(null, Object(Config\Cache), false)
 4 FCPATH\index.php(67): CodeIgniter\CodeIgniter->run()
INFO - 2023-09-19 02:53:55 --> Session: Class initialized using 'CodeIgniter\Session\Handlers\FileHandler' driver.
WARNING - 2023-09-19 02:53:55 --> [DEPRECATED] Creation of dynamic property App\Controllers\ControllerProfile::$ModelMasyarakat is deprecated in APPPATH\Controllers\ControllerProfile.php on line 13.
 1 SYSTEMPATH\CodeIgniter.php(904): App\Controllers\ControllerProfile->__construct()
 2 SYSTEMPATH\CodeIgniter.php(488): CodeIgniter\CodeIgniter->createController()
 3 SYSTEMPATH\CodeIgniter.php(366): CodeIgniter\CodeIgniter->handleRequest(null, Object(Config\Cache), false)
 4 FCPATH\index.php(67): CodeIgniter\CodeIgniter->run()
WARNING - 2023-09-19 02:53:55 --> [DEPRECATED] Creation of dynamic property App\Controllers\ControllerProfile::$ModelPetugas is deprecated in APPPATH\Controllers\ControllerProfile.php on line 14.
 1 SYSTEMPATH\CodeIgniter.php(904): App\Controllers\ControllerProfile->__construct()
 2 SYSTEMPATH\CodeIgniter.php(488): CodeIgniter\CodeIgniter->createController()
 3 SYSTEMPATH\CodeIgniter.php(366): CodeIgniter\CodeIgniter->handleRequest(null, Object(Config\Cache), false)
 4 FCPATH\index.php(67): CodeIgniter\CodeIgniter->run()
INFO - 2023-09-19 02:53:55 --> Session: Class initialized using 'CodeIgniter\Session\Handlers\FileHandler' driver.
WARNING - 2023-09-19 02:53:56 --> [DEPRECATED] Creation of dynamic property App\Controllers\ControllerUser::$ModelMasyarakat is deprecated in APPPATH\Controllers\ControllerUser.php on line 13.
 1 SYSTEMPATH\CodeIgniter.php(904): App\Controllers\ControllerUser->__construct()
 2 SYSTEMPATH\CodeIgniter.php(488): CodeIgniter\CodeIgniter->createController()
 3 SYSTEMPATH\CodeIgniter.php(366): CodeIgniter\CodeIgniter->handleRequest(null, Object(Config\Cache), false)
 4 FCPATH\index.php(67): CodeIgniter\CodeIgniter->run()
WARNING - 2023-09-19 02:53:56 --> [DEPRECATED] Creation of dynamic property App\Controllers\ControllerUser::$ModelPetugas is deprecated in APPPATH\Controllers\ControllerUser.php on line 14.
 1 SYSTEMPATH\CodeIgniter.php(904): App\Controllers\ControllerUser->__construct()
 2 SYSTEMPATH\CodeIgniter.php(488): CodeIgniter\CodeIgniter->createController()
 3 SYSTEMPATH\CodeIgniter.php(366): CodeIgniter\CodeIgniter->handleRequest(null, Object(Config\Cache), false)
 4 FCPATH\index.php(67): CodeIgniter\CodeIgniter->run()
INFO - 2023-09-19 02:53:57 --> Session: Class initialized using 'CodeIgniter\Session\Handlers\FileHandler' driver.
WARNING - 2023-09-19 02:53:58 --> [DEPRECATED] Creation of dynamic property App\Controllers\ControllerAdmin::$ModelMasyarakat is deprecated in APPPATH\Controllers\ControllerAdmin.php on line 13.
 1 SYSTEMPATH\CodeIgniter.php(904): App\Controllers\ControllerAdmin->__construct()
 2 SYSTEMPATH\CodeIgniter.php(488): CodeIgniter\CodeIgniter->createController()
 3 SYSTEMPATH\CodeIgniter.php(366): CodeIgniter\CodeIgniter->handleRequest(null, Object(Config\Cache), false)
 4 FCPATH\index.php(67): CodeIgniter\CodeIgniter->run()
WARNING - 2023-09-19 02:53:58 --> [DEPRECATED] Creation of dynamic property App\Controllers\ControllerAdmin::$ModelPetugas is deprecated in APPPATH\Controllers\ControllerAdmin.php on line 14.
 1 SYSTEMPATH\CodeIgniter.php(904): App\Controllers\ControllerAdmin->__construct()
 2 SYSTEMPATH\CodeIgniter.php(488): CodeIgniter\CodeIgniter->createController()
 3 SYSTEMPATH\CodeIgniter.php(366): CodeIgniter\CodeIgniter->handleRequest(null, Object(Config\Cache), false)
 4 FCPATH\index.php(67): CodeIgniter\CodeIgniter->run()
INFO - 2023-09-19 02:53:58 --> Session: Class initialized using 'CodeIgniter\Session\Handlers\FileHandler' driver.
WARNING - 2023-09-19 02:54:04 --> [DEPRECATED] Creation of dynamic property App\Controllers\ControllerPengaduan::$ModelPengaduan is deprecated in APPPATH\Controllers\ControllerPengaduan.php on line 13.
 1 SYSTEMPATH\CodeIgniter.php(904): App\Controllers\ControllerPengaduan->__construct()
 2 SYSTEMPATH\CodeIgniter.php(488): CodeIgniter\CodeIgniter->createController()
 3 SYSTEMPATH\CodeIgniter.php(366): CodeIgniter\CodeIgniter->handleRequest(null, Object(Config\Cache), false)
 4 FCPATH\index.php(67): CodeIgniter\CodeIgniter->run()
WARNING - 2023-09-19 02:54:04 --> [DEPRECATED] Creation of dynamic property App\Controllers\ControllerPengaduan::$ModelMasyarakat is deprecated in APPPATH\Controllers\ControllerPengaduan.php on line 14.
 1 SYSTEMPATH\CodeIgniter.php(904): App\Controllers\ControllerPengaduan->__construct()
 2 SYSTEMPATH\CodeIgniter.php(488): CodeIgniter\CodeIgniter->createController()
 3 SYSTEMPATH\CodeIgniter.php(366): CodeIgniter\CodeIgniter->handleRequest(null, Object(Config\Cache), false)
 4 FCPATH\index.php(67): CodeIgniter\CodeIgniter->run()
INFO - 2023-09-19 02:54:04 --> Session: Class initialized using 'CodeIgniter\Session\Handlers\FileHandler' driver.
WARNING - 2023-09-19 02:54:05 --> [DEPRECATED] Creation of dynamic property App\Controllers\ControllerAdmin::$ModelMasyarakat is deprecated in APPPATH\Controllers\ControllerAdmin.php on line 13.
 1 SYSTEMPATH\CodeIgniter.php(904): App\Controllers\ControllerAdmin->__construct()
 2 SYSTEMPATH\CodeIgniter.php(488): CodeIgniter\CodeIgniter->createController()
 3 SYSTEMPATH\CodeIgniter.php(366): CodeIgniter\CodeIgniter->handleRequest(null, Object(Config\Cache), false)
 4 FCPATH\index.php(67): CodeIgniter\CodeIgniter->run()
WARNING - 2023-09-19 02:54:05 --> [DEPRECATED] Creation of dynamic property App\Controllers\ControllerAdmin::$ModelPetugas is deprecated in APPPATH\Controllers\ControllerAdmin.php on line 14.
 1 SYSTEMPATH\CodeIgniter.php(904): App\Controllers\ControllerAdmin->__construct()
 2 SYSTEMPATH\CodeIgniter.php(488): CodeIgniter\CodeIgniter->createController()
 3 SYSTEMPATH\CodeIgniter.php(366): CodeIgniter\CodeIgniter->handleRequest(null, Object(Config\Cache), false)
 4 FCPATH\index.php(67): CodeIgniter\CodeIgniter->run()
INFO - 2023-09-19 02:54:05 --> Session: Class initialized using 'CodeIgniter\Session\Handlers\FileHandler' driver.
WARNING - 2023-09-19 02:54:06 --> [DEPRECATED] Creation of dynamic property App\Controllers\ControllerTanggapan::$ModelPengaduan is deprecated in APPPATH\Controllers\ControllerTanggapan.php on line 15.
 1 SYSTEMPATH\CodeIgniter.php(904): App\Controllers\ControllerTanggapan->__construct()
 2 SYSTEMPATH\CodeIgniter.php(488): CodeIgniter\CodeIgniter->createController()
 3 SYSTEMPATH\CodeIgniter.php(366): CodeIgniter\CodeIgniter->handleRequest(null, Object(Config\Cache), false)
 4 FCPATH\index.php(67): CodeIgniter\CodeIgniter->run()
WARNING - 2023-09-19 02:54:06 --> [DEPRECATED] Creation of dynamic property App\Controllers\ControllerTanggapan::$ModelMasyarakat is deprecated in APPPATH\Controllers\ControllerTanggapan.php on line 16.
 1 SYSTEMPATH\CodeIgniter.php(904): App\Controllers\ControllerTanggapan->__construct()
 2 SYSTEMPATH\CodeIgniter.php(488): CodeIgniter\CodeIgniter->createController()
 3 SYSTEMPATH\CodeIgniter.php(366): CodeIgniter\CodeIgniter->handleRequest(null, Object(Config\Cache), false)
 4 FCPATH\index.php(67): CodeIgniter\CodeIgniter->run()
WARNING - 2023-09-19 02:54:06 --> [DEPRECATED] Creation of dynamic property App\Controllers\ControllerTanggapan::$ModelTanggapan is deprecated in APPPATH\Controllers\ControllerTanggapan.php on line 17.
 1 SYSTEMPATH\CodeIgniter.php(904): App\Controllers\ControllerTanggapan->__construct()
 2 SYSTEMPATH\CodeIgniter.php(488): CodeIgniter\CodeIgniter->createController()
 3 SYSTEMPATH\CodeIgniter.php(366): CodeIgniter\CodeIgniter->handleRequest(null, Object(Config\Cache), false)
 4 FCPATH\index.php(67): CodeIgniter\CodeIgniter->run()
WARNING - 2023-09-19 02:54:06 --> [DEPRECATED] Creation of dynamic property App\Controllers\ControllerTanggapan::$ModelPetugas is deprecated in APPPATH\Controllers\ControllerTanggapan.php on line 18.
 1 SYSTEMPATH\CodeIgniter.php(904): App\Controllers\ControllerTanggapan->__construct()
 2 SYSTEMPATH\CodeIgniter.php(488): CodeIgniter\CodeIgniter->createController()
 3 SYSTEMPATH\CodeIgniter.php(366): CodeIgniter\CodeIgniter->handleRequest(null, Object(Config\Cache), false)
 4 FCPATH\index.php(67): CodeIgniter\CodeIgniter->run()
INFO - 2023-09-19 02:54:06 --> Session: Class initialized using 'CodeIgniter\Session\Handlers\FileHandler' driver.
WARNING - 2023-09-19 02:54:07 --> [DEPRECATED] Creation of dynamic property App\Controllers\ControllerPengaduan::$ModelPengaduan is deprecated in APPPATH\Controllers\ControllerPengaduan.php on line 13.
 1 SYSTEMPATH\CodeIgniter.php(904): App\Controllers\ControllerPengaduan->__construct()
 2 SYSTEMPATH\CodeIgniter.php(488): CodeIgniter\CodeIgniter->createController()
 3 SYSTEMPATH\CodeIgniter.php(366): CodeIgniter\CodeIgniter->handleRequest(null, Object(Config\Cache), false)
 4 FCPATH\index.php(67): CodeIgniter\CodeIgniter->run()
WARNING - 2023-09-19 02:54:07 --> [DEPRECATED] Creation of dynamic property App\Controllers\ControllerPengaduan::$ModelMasyarakat is deprecated in APPPATH\Controllers\ControllerPengaduan.php on line 14.
 1 SYSTEMPATH\CodeIgniter.php(904): App\Controllers\ControllerPengaduan->__construct()
 2 SYSTEMPATH\CodeIgniter.php(488): CodeIgniter\CodeIgniter->createController()
 3 SYSTEMPATH\CodeIgniter.php(366): CodeIgniter\CodeIgniter->handleRequest(null, Object(Config\Cache), false)
 4 FCPATH\index.php(67): CodeIgniter\CodeIgniter->run()
INFO - 2023-09-19 02:54:07 --> Session: Class initialized using 'CodeIgniter\Session\Handlers\FileHandler' driver.
WARNING - 2023-09-19 02:54:08 --> [DEPRECATED] Creation of dynamic property App\Controllers\ControllerTanggapan::$ModelPengaduan is deprecated in APPPATH\Controllers\ControllerTanggapan.php on line 15.
 1 SYSTEMPATH\CodeIgniter.php(904): App\Controllers\ControllerTanggapan->__construct()
 2 SYSTEMPATH\CodeIgniter.php(488): CodeIgniter\CodeIgniter->createController()
 3 SYSTEMPATH\CodeIgniter.php(366): CodeIgniter\CodeIgniter->handleRequest(null, Object(Config\Cache), false)
 4 FCPATH\index.php(67): CodeIgniter\CodeIgniter->run()
WARNING - 2023-09-19 02:54:08 --> [DEPRECATED] Creation of dynamic property App\Controllers\ControllerTanggapan::$ModelMasyarakat is deprecated in APPPATH\Controllers\ControllerTanggapan.php on line 16.
 1 SYSTEMPATH\CodeIgniter.php(904): App\Controllers\ControllerTanggapan->__construct()
 2 SYSTEMPATH\CodeIgniter.php(488): CodeIgniter\CodeIgniter->createController()
 3 SYSTEMPATH\CodeIgniter.php(366): CodeIgniter\CodeIgniter->handleRequest(null, Object(Config\Cache), false)
 4 FCPATH\index.php(67): CodeIgniter\CodeIgniter->run()
WARNING - 2023-09-19 02:54:08 --> [DEPRECATED] Creation of dynamic property App\Controllers\ControllerTanggapan::$ModelTanggapan is deprecated in APPPATH\Controllers\ControllerTanggapan.php on line 17.
 1 SYSTEMPATH\CodeIgniter.php(904): App\Controllers\ControllerTanggapan->__construct()
 2 SYSTEMPATH\CodeIgniter.php(488): CodeIgniter\CodeIgniter->createController()
 3 SYSTEMPATH\CodeIgniter.php(366): CodeIgniter\CodeIgniter->handleRequest(null, Object(Config\Cache), false)
 4 FCPATH\index.php(67): CodeIgniter\CodeIgniter->run()
WARNING - 2023-09-19 02:54:08 --> [DEPRECATED] Creation of dynamic property App\Controllers\ControllerTanggapan::$ModelPetugas is deprecated in APPPATH\Controllers\ControllerTanggapan.php on line 18.
 1 SYSTEMPATH\CodeIgniter.php(904): App\Controllers\ControllerTanggapan->__construct()
 2 SYSTEMPATH\CodeIgniter.php(488): CodeIgniter\CodeIgniter->createController()
 3 SYSTEMPATH\CodeIgniter.php(366): CodeIgniter\CodeIgniter->handleRequest(null, Object(Config\Cache), false)
 4 FCPATH\index.php(67): CodeIgniter\CodeIgniter->run()
INFO - 2023-09-19 02:54:08 --> Session: Class initialized using 'CodeIgniter\Session\Handlers\FileHandler' driver.
WARNING - 2023-09-19 02:54:11 --> [DEPRECATED] Creation of dynamic property App\Controllers\ControllerPengaduan::$ModelPengaduan is deprecated in APPPATH\Controllers\ControllerPengaduan.php on line 13.
 1 SYSTEMPATH\CodeIgniter.php(904): App\Controllers\ControllerPengaduan->__construct()
 2 SYSTEMPATH\CodeIgniter.php(488): CodeIgniter\CodeIgniter->createController()
 3 SYSTEMPATH\CodeIgniter.php(366): CodeIgniter\CodeIgniter->handleRequest(null, Object(Config\Cache), false)
 4 FCPATH\index.php(67): CodeIgniter\CodeIgniter->run()
WARNING - 2023-09-19 02:54:11 --> [DEPRECATED] Creation of dynamic property App\Controllers\ControllerPengaduan::$ModelMasyarakat is deprecated in APPPATH\Controllers\ControllerPengaduan.php on line 14.
 1 SYSTEMPATH\CodeIgniter.php(904): App\Controllers\ControllerPengaduan->__construct()
 2 SYSTEMPATH\CodeIgniter.php(488): CodeIgniter\CodeIgniter->createController()
 3 SYSTEMPATH\CodeIgniter.php(366): CodeIgniter\CodeIgniter->handleRequest(null, Object(Config\Cache), false)
 4 FCPATH\index.php(67): CodeIgniter\CodeIgniter->run()
INFO - 2023-09-19 02:54:11 --> Session: Class initialized using 'CodeIgniter\Session\Handlers\FileHandler' driver.
WARNING - 2023-09-19 02:54:12 --> [DEPRECATED] Creation of dynamic property App\Controllers\ControllerUser::$ModelMasyarakat is deprecated in APPPATH\Controllers\ControllerUser.php on line 13.
 1 SYSTEMPATH\CodeIgniter.php(904): App\Controllers\ControllerUser->__construct()
 2 SYSTEMPATH\CodeIgniter.php(488): CodeIgniter\CodeIgniter->createController()
 3 SYSTEMPATH\CodeIgniter.php(366): CodeIgniter\CodeIgniter->handleRequest(null, Object(Config\Cache), false)
 4 FCPATH\index.php(67): CodeIgniter\CodeIgniter->run()
WARNING - 2023-09-19 02:54:12 --> [DEPRECATED] Creation of dynamic property App\Controllers\ControllerUser::$ModelPetugas is deprecated in APPPATH\Controllers\ControllerUser.php on line 14.
 1 SYSTEMPATH\CodeIgniter.php(904): App\Controllers\ControllerUser->__construct()
 2 SYSTEMPATH\CodeIgniter.php(488): CodeIgniter\CodeIgniter->createController()
 3 SYSTEMPATH\CodeIgniter.php(366): CodeIgniter\CodeIgniter->handleRequest(null, Object(Config\Cache), false)
 4 FCPATH\index.php(67): CodeIgniter\CodeIgniter->run()
INFO - 2023-09-19 02:54:12 --> Session: Class initialized using 'CodeIgniter\Session\Handlers\FileHandler' driver.
WARNING - 2023-09-19 02:54:13 --> [DEPRECATED] Creation of dynamic property App\Controllers\ControllerAdmin::$ModelMasyarakat is deprecated in APPPATH\Controllers\ControllerAdmin.php on line 13.
 1 SYSTEMPATH\CodeIgniter.php(904): App\Controllers\ControllerAdmin->__construct()
 2 SYSTEMPATH\CodeIgniter.php(488): CodeIgniter\CodeIgniter->createController()
 3 SYSTEMPATH\CodeIgniter.php(366): CodeIgniter\CodeIgniter->handleRequest(null, Object(Config\Cache), false)
 4 FCPATH\index.php(67): CodeIgniter\CodeIgniter->run()
WARNING - 2023-09-19 02:54:13 --> [DEPRECATED] Creation of dynamic property App\Controllers\ControllerAdmin::$ModelPetugas is deprecated in APPPATH\Controllers\ControllerAdmin.php on line 14.
 1 SYSTEMPATH\CodeIgniter.php(904): App\Controllers\ControllerAdmin->__construct()
 2 SYSTEMPATH\CodeIgniter.php(488): CodeIgniter\CodeIgniter->createController()
 3 SYSTEMPATH\CodeIgniter.php(366): CodeIgniter\CodeIgniter->handleRequest(null, Object(Config\Cache), false)
 4 FCPATH\index.php(67): CodeIgniter\CodeIgniter->run()
INFO - 2023-09-19 02:54:13 --> Session: Class initialized using 'CodeIgniter\Session\Handlers\FileHandler' driver.
WARNING - 2023-09-19 02:54:13 --> [DEPRECATED] Creation of dynamic property App\Controllers\ControllerPengaduan::$ModelPengaduan is deprecated in APPPATH\Controllers\ControllerPengaduan.php on line 13.
 1 SYSTEMPATH\CodeIgniter.php(904): App\Controllers\ControllerPengaduan->__construct()
 2 SYSTEMPATH\CodeIgniter.php(488): CodeIgniter\CodeIgniter->createController()
 3 SYSTEMPATH\CodeIgniter.php(366): CodeIgniter\CodeIgniter->handleRequest(null, Object(Config\Cache), false)
 4 FCPATH\index.php(67): CodeIgniter\CodeIgniter->run()
WARNING - 2023-09-19 02:54:13 --> [DEPRECATED] Creation of dynamic property App\Controllers\ControllerPengaduan::$ModelMasyarakat is deprecated in APPPATH\Controllers\ControllerPengaduan.php on line 14.
 1 SYSTEMPATH\CodeIgniter.php(904): App\Controllers\ControllerPengaduan->__construct()
 2 SYSTEMPATH\CodeIgniter.php(488): CodeIgniter\CodeIgniter->createController()
 3 SYSTEMPATH\CodeIgniter.php(366): CodeIgniter\CodeIgniter->handleRequest(null, Object(Config\Cache), false)
 4 FCPATH\index.php(67): CodeIgniter\CodeIgniter->run()
INFO - 2023-09-19 02:54:13 --> Session: Class initialized using 'CodeIgniter\Session\Handlers\FileHandler' driver.
WARNING - 2023-09-19 02:54:14 --> [DEPRECATED] Creation of dynamic property App\Controllers\ControllerTanggapan::$ModelPengaduan is deprecated in APPPATH\Controllers\ControllerTanggapan.php on line 15.
 1 SYSTEMPATH\CodeIgniter.php(904): App\Controllers\ControllerTanggapan->__construct()
 2 SYSTEMPATH\CodeIgniter.php(488): CodeIgniter\CodeIgniter->createController()
 3 SYSTEMPATH\CodeIgniter.php(366): CodeIgniter\CodeIgniter->handleRequest(null, Object(Config\Cache), false)
 4 FCPATH\index.php(67): CodeIgniter\CodeIgniter->run()
WARNING - 2023-09-19 02:54:14 --> [DEPRECATED] Creation of dynamic property App\Controllers\ControllerTanggapan::$ModelMasyarakat is deprecated in APPPATH\Controllers\ControllerTanggapan.php on line 16.
 1 SYSTEMPATH\CodeIgniter.php(904): App\Controllers\ControllerTanggapan->__construct()
 2 SYSTEMPATH\CodeIgniter.php(488): CodeIgniter\CodeIgniter->createController()
 3 SYSTEMPATH\CodeIgniter.php(366): CodeIgniter\CodeIgniter->handleRequest(null, Object(Config\Cache), false)
 4 FCPATH\index.php(67): CodeIgniter\CodeIgniter->run()
WARNING - 2023-09-19 02:54:14 --> [DEPRECATED] Creation of dynamic property App\Controllers\ControllerTanggapan::$ModelTanggapan is deprecated in APPPATH\Controllers\ControllerTanggapan.php on line 17.
 1 SYSTEMPATH\CodeIgniter.php(904): App\Controllers\ControllerTanggapan->__construct()
 2 SYSTEMPATH\CodeIgniter.php(488): CodeIgniter\CodeIgniter->createController()
 3 SYSTEMPATH\CodeIgniter.php(366): CodeIgniter\CodeIgniter->handleRequest(null, Object(Config\Cache), false)
 4 FCPATH\index.php(67): CodeIgniter\CodeIgniter->run()
WARNING - 2023-09-19 02:54:14 --> [DEPRECATED] Creation of dynamic property App\Controllers\ControllerTanggapan::$ModelPetugas is deprecated in APPPATH\Controllers\ControllerTanggapan.php on line 18.
 1 SYSTEMPATH\CodeIgniter.php(904): App\Controllers\ControllerTanggapan->__construct()
 2 SYSTEMPATH\CodeIgniter.php(488): CodeIgniter\CodeIgniter->createController()
 3 SYSTEMPATH\CodeIgniter.php(366): CodeIgniter\CodeIgniter->handleRequest(null, Object(Config\Cache), false)
 4 FCPATH\index.php(67): CodeIgniter\CodeIgniter->run()
INFO - 2023-09-19 02:54:14 --> Session: Class initialized using 'CodeIgniter\Session\Handlers\FileHandler' driver.
WARNING - 2023-09-19 02:55:21 --> [DEPRECATED] Creation of dynamic property App\Controllers\ControllerTanggapan::$ModelPengaduan is deprecated in APPPATH\Controllers\ControllerTanggapan.php on line 15.
 1 SYSTEMPATH\CodeIgniter.php(904): App\Controllers\ControllerTanggapan->__construct()
 2 SYSTEMPATH\CodeIgniter.php(488): CodeIgniter\CodeIgniter->createController()
 3 SYSTEMPATH\CodeIgniter.php(366): CodeIgniter\CodeIgniter->handleRequest(null, Object(Config\Cache), false)
 4 FCPATH\index.php(67): CodeIgniter\CodeIgniter->run()
WARNING - 2023-09-19 02:55:21 --> [DEPRECATED] Creation of dynamic property App\Controllers\ControllerTanggapan::$ModelMasyarakat is deprecated in APPPATH\Controllers\ControllerTanggapan.php on line 16.
 1 SYSTEMPATH\CodeIgniter.php(904): App\Controllers\ControllerTanggapan->__construct()
 2 SYSTEMPATH\CodeIgniter.php(488): CodeIgniter\CodeIgniter->createController()
 3 SYSTEMPATH\CodeIgniter.php(366): CodeIgniter\CodeIgniter->handleRequest(null, Object(Config\Cache), false)
 4 FCPATH\index.php(67): CodeIgniter\CodeIgniter->run()
WARNING - 2023-09-19 02:55:21 --> [DEPRECATED] Creation of dynamic property App\Controllers\ControllerTanggapan::$ModelTanggapan is deprecated in APPPATH\Controllers\ControllerTanggapan.php on line 17.
 1 SYSTEMPATH\CodeIgniter.php(904): App\Controllers\ControllerTanggapan->__construct()
 2 SYSTEMPATH\CodeIgniter.php(488): CodeIgniter\CodeIgniter->createController()
 3 SYSTEMPATH\CodeIgniter.php(366): CodeIgniter\CodeIgniter->handleRequest(null, Object(Config\Cache), false)
 4 FCPATH\index.php(67): CodeIgniter\CodeIgniter->run()
WARNING - 2023-09-19 02:55:21 --> [DEPRECATED] Creation of dynamic property App\Controllers\ControllerTanggapan::$ModelPetugas is deprecated in APPPATH\Controllers\ControllerTanggapan.php on line 18.
 1 SYSTEMPATH\CodeIgniter.php(904): App\Controllers\ControllerTanggapan->__construct()
 2 SYSTEMPATH\CodeIgniter.php(488): CodeIgniter\CodeIgniter->createController()
 3 SYSTEMPATH\CodeIgniter.php(366): CodeIgniter\CodeIgniter->handleRequest(null, Object(Config\Cache), false)
 4 FCPATH\index.php(67): CodeIgniter\CodeIgniter->run()
INFO - 2023-09-19 02:55:21 --> Session: Class initialized using 'CodeIgniter\Session\Handlers\FileHandler' driver.
WARNING - 2023-09-19 02:55:28 --> [DEPRECATED] Creation of dynamic property App\Controllers\ControllerTanggapan::$ModelPengaduan is deprecated in APPPATH\Controllers\ControllerTanggapan.php on line 15.
 1 SYSTEMPATH\CodeIgniter.php(904): App\Controllers\ControllerTanggapan->__construct()
 2 SYSTEMPATH\CodeIgniter.php(488): CodeIgniter\CodeIgniter->createController()
 3 SYSTEMPATH\CodeIgniter.php(366): CodeIgniter\CodeIgniter->handleRequest(null, Object(Config\Cache), false)
 4 FCPATH\index.php(67): CodeIgniter\CodeIgniter->run()
WARNING - 2023-09-19 02:55:28 --> [DEPRECATED] Creation of dynamic property App\Controllers\ControllerTanggapan::$ModelMasyarakat is deprecated in APPPATH\Controllers\ControllerTanggapan.php on line 16.
 1 SYSTEMPATH\CodeIgniter.php(904): App\Controllers\ControllerTanggapan->__construct()
 2 SYSTEMPATH\CodeIgniter.php(488): CodeIgniter\CodeIgniter->createController()
 3 SYSTEMPATH\CodeIgniter.php(366): CodeIgniter\CodeIgniter->handleRequest(null, Object(Config\Cache), false)
 4 FCPATH\index.php(67): CodeIgniter\CodeIgniter->run()
WARNING - 2023-09-19 02:55:28 --> [DEPRECATED] Creation of dynamic property App\Controllers\ControllerTanggapan::$ModelTanggapan is deprecated in APPPATH\Controllers\ControllerTanggapan.php on line 17.
 1 SYSTEMPATH\CodeIgniter.php(904): App\Controllers\ControllerTanggapan->__construct()
 2 SYSTEMPATH\CodeIgniter.php(488): CodeIgniter\CodeIgniter->createController()
 3 SYSTEMPATH\CodeIgniter.php(366): CodeIgniter\CodeIgniter->handleRequest(null, Object(Config\Cache), false)
 4 FCPATH\index.php(67): CodeIgniter\CodeIgniter->run()
WARNING - 2023-09-19 02:55:28 --> [DEPRECATED] Creation of dynamic property App\Controllers\ControllerTanggapan::$ModelPetugas is deprecated in APPPATH\Controllers\ControllerTanggapan.php on line 18.
 1 SYSTEMPATH\CodeIgniter.php(904): App\Controllers\ControllerTanggapan->__construct()
 2 SYSTEMPATH\CodeIgniter.php(488): CodeIgniter\CodeIgniter->createController()
 3 SYSTEMPATH\CodeIgniter.php(366): CodeIgniter\CodeIgniter->handleRequest(null, Object(Config\Cache), false)
 4 FCPATH\index.php(67): CodeIgniter\CodeIgniter->run()
INFO - 2023-09-19 02:55:28 --> Session: Class initialized using 'CodeIgniter\Session\Handlers\FileHandler' driver.
WARNING - 2023-09-19 02:55:40 --> [DEPRECATED] Creation of dynamic property App\Controllers\ControllerTanggapan::$ModelPengaduan is deprecated in APPPATH\Controllers\ControllerTanggapan.php on line 15.
 1 SYSTEMPATH\CodeIgniter.php(904): App\Controllers\ControllerTanggapan->__construct()
 2 SYSTEMPATH\CodeIgniter.php(488): CodeIgniter\CodeIgniter->createController()
 3 SYSTEMPATH\CodeIgniter.php(366): CodeIgniter\CodeIgniter->handleRequest(null, Object(Config\Cache), false)
 4 FCPATH\index.php(67): CodeIgniter\CodeIgniter->run()
WARNING - 2023-09-19 02:55:40 --> [DEPRECATED] Creation of dynamic property App\Controllers\ControllerTanggapan::$ModelMasyarakat is deprecated in APPPATH\Controllers\ControllerTanggapan.php on line 16.
 1 SYSTEMPATH\CodeIgniter.php(904): App\Controllers\ControllerTanggapan->__construct()
 2 SYSTEMPATH\CodeIgniter.php(488): CodeIgniter\CodeIgniter->createController()
 3 SYSTEMPATH\CodeIgniter.php(366): CodeIgniter\CodeIgniter->handleRequest(null, Object(Config\Cache), false)
 4 FCPATH\index.php(67): CodeIgniter\CodeIgniter->run()
WARNING - 2023-09-19 02:55:40 --> [DEPRECATED] Creation of dynamic property App\Controllers\ControllerTanggapan::$ModelTanggapan is deprecated in APPPATH\Controllers\ControllerTanggapan.php on line 17.
 1 SYSTEMPATH\CodeIgniter.php(904): App\Controllers\ControllerTanggapan->__construct()
 2 SYSTEMPATH\CodeIgniter.php(488): CodeIgniter\CodeIgniter->createController()
 3 SYSTEMPATH\CodeIgniter.php(366): CodeIgniter\CodeIgniter->handleRequest(null, Object(Config\Cache), false)
 4 FCPATH\index.php(67): CodeIgniter\CodeIgniter->run()
WARNING - 2023-09-19 02:55:40 --> [DEPRECATED] Creation of dynamic property App\Controllers\ControllerTanggapan::$ModelPetugas is deprecated in APPPATH\Controllers\ControllerTanggapan.php on line 18.
 1 SYSTEMPATH\CodeIgniter.php(904): App\Controllers\ControllerTanggapan->__construct()
 2 SYSTEMPATH\CodeIgniter.php(488): CodeIgniter\CodeIgniter->createController()
 3 SYSTEMPATH\CodeIgniter.php(366): CodeIgniter\CodeIgniter->handleRequest(null, Object(Config\Cache), false)
 4 FCPATH\index.php(67): CodeIgniter\CodeIgniter->run()
INFO - 2023-09-19 02:55:40 --> Session: Class initialized using 'CodeIgniter\Session\Handlers\FileHandler' driver.
WARNING - 2023-09-19 02:55:50 --> [DEPRECATED] Creation of dynamic property App\Controllers\ControllerTanggapan::$ModelPengaduan is deprecated in APPPATH\Controllers\ControllerTanggapan.php on line 15.
 1 SYSTEMPATH\CodeIgniter.php(904): App\Controllers\ControllerTanggapan->__construct()
 2 SYSTEMPATH\CodeIgniter.php(488): CodeIgniter\CodeIgniter->createController()
 3 SYSTEMPATH\CodeIgniter.php(366): CodeIgniter\CodeIgniter->handleRequest(null, Object(Config\Cache), false)
 4 FCPATH\index.php(67): CodeIgniter\CodeIgniter->run()
WARNING - 2023-09-19 02:55:50 --> [DEPRECATED] Creation of dynamic property App\Controllers\ControllerTanggapan::$ModelMasyarakat is deprecated in APPPATH\Controllers\ControllerTanggapan.php on line 16.
 1 SYSTEMPATH\CodeIgniter.php(904): App\Controllers\ControllerTanggapan->__construct()
 2 SYSTEMPATH\CodeIgniter.php(488): CodeIgniter\CodeIgniter->createController()
 3 SYSTEMPATH\CodeIgniter.php(366): CodeIgniter\CodeIgniter->handleRequest(null, Object(Config\Cache), false)
 4 FCPATH\index.php(67): CodeIgniter\CodeIgniter->run()
WARNING - 2023-09-19 02:55:50 --> [DEPRECATED] Creation of dynamic property App\Controllers\ControllerTanggapan::$ModelTanggapan is deprecated in APPPATH\Controllers\ControllerTanggapan.php on line 17.
 1 SYSTEMPATH\CodeIgniter.php(904): App\Controllers\ControllerTanggapan->__construct()
 2 SYSTEMPATH\CodeIgniter.php(488): CodeIgniter\CodeIgniter->createController()
 3 SYSTEMPATH\CodeIgniter.php(366): CodeIgniter\CodeIgniter->handleRequest(null, Object(Config\Cache), false)
 4 FCPATH\index.php(67): CodeIgniter\CodeIgniter->run()
WARNING - 2023-09-19 02:55:50 --> [DEPRECATED] Creation of dynamic property App\Controllers\ControllerTanggapan::$ModelPetugas is deprecated in APPPATH\Controllers\ControllerTanggapan.php on line 18.
 1 SYSTEMPATH\CodeIgniter.php(904): App\Controllers\ControllerTanggapan->__construct()
 2 SYSTEMPATH\CodeIgniter.php(488): CodeIgniter\CodeIgniter->createController()
 3 SYSTEMPATH\CodeIgniter.php(366): CodeIgniter\CodeIgniter->handleRequest(null, Object(Config\Cache), false)
 4 FCPATH\index.php(67): CodeIgniter\CodeIgniter->run()
INFO - 2023-09-19 02:55:50 --> Session: Class initialized using 'CodeIgniter\Session\Handlers\FileHandler' driver.
WARNING - 2023-09-19 02:56:02 --> [DEPRECATED] Creation of dynamic property App\Controllers\ControllerTanggapan::$ModelPengaduan is deprecated in APPPATH\Controllers\ControllerTanggapan.php on line 15.
 1 SYSTEMPATH\CodeIgniter.php(904): App\Controllers\ControllerTanggapan->__construct()
 2 SYSTEMPATH\CodeIgniter.php(488): CodeIgniter\CodeIgniter->createController()
 3 SYSTEMPATH\CodeIgniter.php(366): CodeIgniter\CodeIgniter->handleRequest(null, Object(Config\Cache), false)
 4 FCPATH\index.php(67): CodeIgniter\CodeIgniter->run()
WARNING - 2023-09-19 02:56:02 --> [DEPRECATED] Creation of dynamic property App\Controllers\ControllerTanggapan::$ModelMasyarakat is deprecated in APPPATH\Controllers\ControllerTanggapan.php on line 16.
 1 SYSTEMPATH\CodeIgniter.php(904): App\Controllers\ControllerTanggapan->__construct()
 2 SYSTEMPATH\CodeIgniter.php(488): CodeIgniter\CodeIgniter->createController()
 3 SYSTEMPATH\CodeIgniter.php(366): CodeIgniter\CodeIgniter->handleRequest(null, Object(Config\Cache), false)
 4 FCPATH\index.php(67): CodeIgniter\CodeIgniter->run()
WARNING - 2023-09-19 02:56:02 --> [DEPRECATED] Creation of dynamic property App\Controllers\ControllerTanggapan::$ModelTanggapan is deprecated in APPPATH\Controllers\ControllerTanggapan.php on line 17.
 1 SYSTEMPATH\CodeIgniter.php(904): App\Controllers\ControllerTanggapan->__construct()
 2 SYSTEMPATH\CodeIgniter.php(488): CodeIgniter\CodeIgniter->createController()
 3 SYSTEMPATH\CodeIgniter.php(366): CodeIgniter\CodeIgniter->handleRequest(null, Object(Config\Cache), false)
 4 FCPATH\index.php(67): CodeIgniter\CodeIgniter->run()
WARNING - 2023-09-19 02:56:02 --> [DEPRECATED] Creation of dynamic property App\Controllers\ControllerTanggapan::$ModelPetugas is deprecated in APPPATH\Controllers\ControllerTanggapan.php on line 18.
 1 SYSTEMPATH\CodeIgniter.php(904): App\Controllers\ControllerTanggapan->__construct()
 2 SYSTEMPATH\CodeIgniter.php(488): CodeIgniter\CodeIgniter->createController()
 3 SYSTEMPATH\CodeIgniter.php(366): CodeIgniter\CodeIgniter->handleRequest(null, Object(Config\Cache), false)
 4 FCPATH\index.php(67): CodeIgniter\CodeIgniter->run()
INFO - 2023-09-19 02:56:02 --> Session: Class initialized using 'CodeIgniter\Session\Handlers\FileHandler' driver.
WARNING - 2023-09-19 02:56:04 --> [DEPRECATED] Creation of dynamic property App\Controllers\Home::$ModelMasyarakat is deprecated in APPPATH\Controllers\Home.php on line 12.
 1 SYSTEMPATH\CodeIgniter.php(904): App\Controllers\Home->__construct()
 2 SYSTEMPATH\CodeIgniter.php(488): CodeIgniter\CodeIgniter->createController()
 3 SYSTEMPATH\CodeIgniter.php(366): CodeIgniter\CodeIgniter->handleRequest(null, Object(Config\Cache), false)
 4 FCPATH\index.php(67): CodeIgniter\CodeIgniter->run()
WARNING - 2023-09-19 02:56:04 --> [DEPRECATED] Creation of dynamic property App\Controllers\Home::$ModelPetugas is deprecated in APPPATH\Controllers\Home.php on line 13.
 1 SYSTEMPATH\CodeIgniter.php(904): App\Controllers\Home->__construct()
 2 SYSTEMPATH\CodeIgniter.php(488): CodeIgniter\CodeIgniter->createController()
 3 SYSTEMPATH\CodeIgniter.php(366): CodeIgniter\CodeIgniter->handleRequest(null, Object(Config\Cache), false)
 4 FCPATH\index.php(67): CodeIgniter\CodeIgniter->run()
INFO - 2023-09-19 02:56:04 --> Session: Class initialized using 'CodeIgniter\Session\Handlers\FileHandler' driver.
WARNING - 2023-09-19 02:56:04 --> [DEPRECATED] Creation of dynamic property App\Controllers\Home::$ModelMasyarakat is deprecated in APPPATH\Controllers\Home.php on line 12.
 1 SYSTEMPATH\CodeIgniter.php(904): App\Controllers\Home->__construct()
 2 SYSTEMPATH\CodeIgniter.php(488): CodeIgniter\CodeIgniter->createController()
 3 SYSTEMPATH\CodeIgniter.php(366): CodeIgniter\CodeIgniter->handleRequest(null, Object(Config\Cache), false)
 4 FCPATH\index.php(67): CodeIgniter\CodeIgniter->run()
WARNING - 2023-09-19 02:56:04 --> [DEPRECATED] Creation of dynamic property App\Controllers\Home::$ModelPetugas is deprecated in APPPATH\Controllers\Home.php on line 13.
 1 SYSTEMPATH\CodeIgniter.php(904): App\Controllers\Home->__construct()
 2 SYSTEMPATH\CodeIgniter.php(488): CodeIgniter\CodeIgniter->createController()
 3 SYSTEMPATH\CodeIgniter.php(366): CodeIgniter\CodeIgniter->handleRequest(null, Object(Config\Cache), false)
 4 FCPATH\index.php(67): CodeIgniter\CodeIgniter->run()
INFO - 2023-09-19 02:56:04 --> Session: Class initialized using 'CodeIgniter\Session\Handlers\FileHandler' driver.
WARNING - 2023-09-19 02:56:08 --> [DEPRECATED] Creation of dynamic property App\Controllers\Home::$ModelMasyarakat is deprecated in APPPATH\Controllers\Home.php on line 12.
 1 SYSTEMPATH\CodeIgniter.php(904): App\Controllers\Home->__construct()
 2 SYSTEMPATH\CodeIgniter.php(488): CodeIgniter\CodeIgniter->createController()
 3 SYSTEMPATH\CodeIgniter.php(366): CodeIgniter\CodeIgniter->handleRequest(null, Object(Config\Cache), false)
 4 FCPATH\index.php(67): CodeIgniter\CodeIgniter->run()
WARNING - 2023-09-19 02:56:08 --> [DEPRECATED] Creation of dynamic property App\Controllers\Home::$ModelPetugas is deprecated in APPPATH\Controllers\Home.php on line 13.
 1 SYSTEMPATH\CodeIgniter.php(904): App\Controllers\Home->__construct()
 2 SYSTEMPATH\CodeIgniter.php(488): CodeIgniter\CodeIgniter->createController()
 3 SYSTEMPATH\CodeIgniter.php(366): CodeIgniter\CodeIgniter->handleRequest(null, Object(Config\Cache), false)
 4 FCPATH\index.php(67): CodeIgniter\CodeIgniter->run()
INFO - 2023-09-19 02:56:08 --> Session: Class initialized using 'CodeIgniter\Session\Handlers\FileHandler' driver.
WARNING - 2023-09-19 02:56:08 --> [DEPRECATED] Creation of dynamic property App\Controllers\ControllerProfile::$ModelMasyarakat is deprecated in APPPATH\Controllers\ControllerProfile.php on line 13.
 1 SYSTEMPATH\CodeIgniter.php(904): App\Controllers\ControllerProfile->__construct()
 2 SYSTEMPATH\CodeIgniter.php(488): CodeIgniter\CodeIgniter->createController()
 3 SYSTEMPATH\CodeIgniter.php(366): CodeIgniter\CodeIgniter->handleRequest(null, Object(Config\Cache), false)
 4 FCPATH\index.php(67): CodeIgniter\CodeIgniter->run()
WARNING - 2023-09-19 02:56:08 --> [DEPRECATED] Creation of dynamic property App\Controllers\ControllerProfile::$ModelPetugas is deprecated in APPPATH\Controllers\ControllerProfile.php on line 14.
 1 SYSTEMPATH\CodeIgniter.php(904): App\Controllers\ControllerProfile->__construct()
 2 SYSTEMPATH\CodeIgniter.php(488): CodeIgniter\CodeIgniter->createController()
 3 SYSTEMPATH\CodeIgniter.php(366): CodeIgniter\CodeIgniter->handleRequest(null, Object(Config\Cache), false)
 4 FCPATH\index.php(67): CodeIgniter\CodeIgniter->run()
INFO - 2023-09-19 02:56:08 --> Session: Class initialized using 'CodeIgniter\Session\Handlers\FileHandler' driver.
WARNING - 2023-09-19 02:56:09 --> [DEPRECATED] Creation of dynamic property App\Controllers\ControllerPengaduan::$ModelPengaduan is deprecated in APPPATH\Controllers\ControllerPengaduan.php on line 13.
 1 SYSTEMPATH\CodeIgniter.php(904): App\Controllers\ControllerPengaduan->__construct()
 2 SYSTEMPATH\CodeIgniter.php(488): CodeIgniter\CodeIgniter->createController()
 3 SYSTEMPATH\CodeIgniter.php(366): CodeIgniter\CodeIgniter->handleRequest(null, Object(Config\Cache), false)
 4 FCPATH\index.php(67): CodeIgniter\CodeIgniter->run()
WARNING - 2023-09-19 02:56:09 --> [DEPRECATED] Creation of dynamic property App\Controllers\ControllerPengaduan::$ModelMasyarakat is deprecated in APPPATH\Controllers\ControllerPengaduan.php on line 14.
 1 SYSTEMPATH\CodeIgniter.php(904): App\Controllers\ControllerPengaduan->__construct()
 2 SYSTEMPATH\CodeIgniter.php(488): CodeIgniter\CodeIgniter->createController()
 3 SYSTEMPATH\CodeIgniter.php(366): CodeIgniter\CodeIgniter->handleRequest(null, Object(Config\Cache), false)
 4 FCPATH\index.php(67): CodeIgniter\CodeIgniter->run()
INFO - 2023-09-19 02:56:09 --> Session: Class initialized using 'CodeIgniter\Session\Handlers\FileHandler' driver.
WARNING - 2023-09-19 02:56:27 --> [DEPRECATED] Creation of dynamic property App\Controllers\ControllerPengaduan::$ModelPengaduan is deprecated in APPPATH\Controllers\ControllerPengaduan.php on line 13.
 1 SYSTEMPATH\CodeIgniter.php(904): App\Controllers\ControllerPengaduan->__construct()
 2 SYSTEMPATH\CodeIgniter.php(488): CodeIgniter\CodeIgniter->createController()
 3 SYSTEMPATH\CodeIgniter.php(366): CodeIgniter\CodeIgniter->handleRequest(null, Object(Config\Cache), false)
 4 FCPATH\index.php(67): CodeIgniter\CodeIgniter->run()
WARNING - 2023-09-19 02:56:27 --> [DEPRECATED] Creation of dynamic property App\Controllers\ControllerPengaduan::$ModelMasyarakat is deprecated in APPPATH\Controllers\ControllerPengaduan.php on line 14.
 1 SYSTEMPATH\CodeIgniter.php(904): App\Controllers\ControllerPengaduan->__construct()
 2 SYSTEMPATH\CodeIgniter.php(488): CodeIgniter\CodeIgniter->createController()
 3 SYSTEMPATH\CodeIgniter.php(366): CodeIgniter\CodeIgniter->handleRequest(null, Object(Config\Cache), false)
 4 FCPATH\index.php(67): CodeIgniter\CodeIgniter->run()
INFO - 2023-09-19 02:56:27 --> Session: Class initialized using 'CodeIgniter\Session\Handlers\FileHandler' driver.
WARNING - 2023-09-19 02:56:27 --> [DEPRECATED] Creation of dynamic property App\Controllers\ControllerPengaduan::$ModelPengaduan is deprecated in APPPATH\Controllers\ControllerPengaduan.php on line 13.
 1 SYSTEMPATH\CodeIgniter.php(904): App\Controllers\ControllerPengaduan->__construct()
 2 SYSTEMPATH\CodeIgniter.php(488): CodeIgniter\CodeIgniter->createController()
 3 SYSTEMPATH\CodeIgniter.php(366): CodeIgniter\CodeIgniter->handleRequest(null, Object(Config\Cache), false)
 4 FCPATH\index.php(67): CodeIgniter\CodeIgniter->run()
WARNING - 2023-09-19 02:56:27 --> [DEPRECATED] Creation of dynamic property App\Controllers\ControllerPengaduan::$ModelMasyarakat is deprecated in APPPATH\Controllers\ControllerPengaduan.php on line 14.
 1 SYSTEMPATH\CodeIgniter.php(904): App\Controllers\ControllerPengaduan->__construct()
 2 SYSTEMPATH\CodeIgniter.php(488): CodeIgniter\CodeIgniter->createController()
 3 SYSTEMPATH\CodeIgniter.php(366): CodeIgniter\CodeIgniter->handleRequest(null, Object(Config\Cache), false)
 4 FCPATH\index.php(67): CodeIgniter\CodeIgniter->run()
INFO - 2023-09-19 02:56:27 --> Session: Class initialized using 'CodeIgniter\Session\Handlers\FileHandler' driver.
WARNING - 2023-09-19 02:56:32 --> [DEPRECATED] Creation of dynamic property App\Controllers\ControllerPengaduan::$ModelPengaduan is deprecated in APPPATH\Controllers\ControllerPengaduan.php on line 13.
 1 SYSTEMPATH\CodeIgniter.php(904): App\Controllers\ControllerPengaduan->__construct()
 2 SYSTEMPATH\CodeIgniter.php(488): CodeIgniter\CodeIgniter->createController()
 3 SYSTEMPATH\CodeIgniter.php(366): CodeIgniter\CodeIgniter->handleRequest(null, Object(Config\Cache), false)
 4 FCPATH\index.php(67): CodeIgniter\CodeIgniter->run()
WARNING - 2023-09-19 02:56:32 --> [DEPRECATED] Creation of dynamic property App\Controllers\ControllerPengaduan::$ModelMasyarakat is deprecated in APPPATH\Controllers\ControllerPengaduan.php on line 14.
 1 SYSTEMPATH\CodeIgniter.php(904): App\Controllers\ControllerPengaduan->__construct()
 2 SYSTEMPATH\CodeIgniter.php(488): CodeIgniter\CodeIgniter->createController()
 3 SYSTEMPATH\CodeIgniter.php(366): CodeIgniter\CodeIgniter->handleRequest(null, Object(Config\Cache), false)
 4 FCPATH\index.php(67): CodeIgniter\CodeIgniter->run()
INFO - 2023-09-19 02:56:32 --> Session: Class initialized using 'CodeIgniter\Session\Handlers\FileHandler' driver.
WARNING - 2023-09-19 02:56:39 --> [DEPRECATED] Creation of dynamic property App\Controllers\ControllerTanggapan::$ModelPengaduan is deprecated in APPPATH\Controllers\ControllerTanggapan.php on line 15.
 1 SYSTEMPATH\CodeIgniter.php(904): App\Controllers\ControllerTanggapan->__construct()
 2 SYSTEMPATH\CodeIgniter.php(488): CodeIgniter\CodeIgniter->createController()
 3 SYSTEMPATH\CodeIgniter.php(366): CodeIgniter\CodeIgniter->handleRequest(null, Object(Config\Cache), false)
 4 FCPATH\index.php(67): CodeIgniter\CodeIgniter->run()
WARNING - 2023-09-19 02:56:39 --> [DEPRECATED] Creation of dynamic property App\Controllers\ControllerTanggapan::$ModelMasyarakat is deprecated in APPPATH\Controllers\ControllerTanggapan.php on line 16.
 1 SYSTEMPATH\CodeIgniter.php(904): App\Controllers\ControllerTanggapan->__construct()
 2 SYSTEMPATH\CodeIgniter.php(488): CodeIgniter\CodeIgniter->createController()
 3 SYSTEMPATH\CodeIgniter.php(366): CodeIgniter\CodeIgniter->handleRequest(null, Object(Config\Cache), false)
 4 FCPATH\index.php(67): CodeIgniter\CodeIgniter->run()
WARNING - 2023-09-19 02:56:39 --> [DEPRECATED] Creation of dynamic property App\Controllers\ControllerTanggapan::$ModelTanggapan is deprecated in APPPATH\Controllers\ControllerTanggapan.php on line 17.
 1 SYSTEMPATH\CodeIgniter.php(904): App\Controllers\ControllerTanggapan->__construct()
 2 SYSTEMPATH\CodeIgniter.php(488): CodeIgniter\CodeIgniter->createController()
 3 SYSTEMPATH\CodeIgniter.php(366): CodeIgniter\CodeIgniter->handleRequest(null, Object(Config\Cache), false)
 4 FCPATH\index.php(67): CodeIgniter\CodeIgniter->run()
WARNING - 2023-09-19 02:56:39 --> [DEPRECATED] Creation of dynamic property App\Controllers\ControllerTanggapan::$ModelPetugas is deprecated in APPPATH\Controllers\ControllerTanggapan.php on line 18.
 1 SYSTEMPATH\CodeIgniter.php(904): App\Controllers\ControllerTanggapan->__construct()
 2 SYSTEMPATH\CodeIgniter.php(488): CodeIgniter\CodeIgniter->createController()
 3 SYSTEMPATH\CodeIgniter.php(366): CodeIgniter\CodeIgniter->handleRequest(null, Object(Config\Cache), false)
 4 FCPATH\index.php(67): CodeIgniter\CodeIgniter->run()
INFO - 2023-09-19 02:56:39 --> Session: Class initialized using 'CodeIgniter\Session\Handlers\FileHandler' driver.
WARNING - 2023-09-19 02:56:39 --> [DEPRECATED] Creation of dynamic property App\Controllers\ControllerTanggapan::$ModelPengaduan is deprecated in APPPATH\Controllers\ControllerTanggapan.php on line 15.
 1 SYSTEMPATH\CodeIgniter.php(904): App\Controllers\ControllerTanggapan->__construct()
 2 SYSTEMPATH\CodeIgniter.php(488): CodeIgniter\CodeIgniter->createController()
 3 SYSTEMPATH\CodeIgniter.php(366): CodeIgniter\CodeIgniter->handleRequest(null, Object(Config\Cache), false)
 4 FCPATH\index.php(67): CodeIgniter\CodeIgniter->run()
WARNING - 2023-09-19 02:56:39 --> [DEPRECATED] Creation of dynamic property App\Controllers\ControllerTanggapan::$ModelMasyarakat is deprecated in APPPATH\Controllers\ControllerTanggapan.php on line 16.
 1 SYSTEMPATH\CodeIgniter.php(904): App\Controllers\ControllerTanggapan->__construct()
 2 SYSTEMPATH\CodeIgniter.php(488): CodeIgniter\CodeIgniter->createController()
 3 SYSTEMPATH\CodeIgniter.php(366): CodeIgniter\CodeIgniter->handleRequest(null, Object(Config\Cache), false)
 4 FCPATH\index.php(67): CodeIgniter\CodeIgniter->run()
WARNING - 2023-09-19 02:56:39 --> [DEPRECATED] Creation of dynamic property App\Controllers\ControllerTanggapan::$ModelTanggapan is deprecated in APPPATH\Controllers\ControllerTanggapan.php on line 17.
 1 SYSTEMPATH\CodeIgniter.php(904): App\Controllers\ControllerTanggapan->__construct()
 2 SYSTEMPATH\CodeIgniter.php(488): CodeIgniter\CodeIgniter->createController()
 3 SYSTEMPATH\CodeIgniter.php(366): CodeIgniter\CodeIgniter->handleRequest(null, Object(Config\Cache), false)
 4 FCPATH\index.php(67): CodeIgniter\CodeIgniter->run()
WARNING - 2023-09-19 02:56:39 --> [DEPRECATED] Creation of dynamic property App\Controllers\ControllerTanggapan::$ModelPetugas is deprecated in APPPATH\Controllers\ControllerTanggapan.php on line 18.
 1 SYSTEMPATH\CodeIgniter.php(904): App\Controllers\ControllerTanggapan->__construct()
 2 SYSTEMPATH\CodeIgniter.php(488): CodeIgniter\CodeIgniter->createController()
 3 SYSTEMPATH\CodeIgniter.php(366): CodeIgniter\CodeIgniter->handleRequest(null, Object(Config\Cache), false)
 4 FCPATH\index.php(67): CodeIgniter\CodeIgniter->run()
INFO - 2023-09-19 02:56:39 --> Session: Class initialized using 'CodeIgniter\Session\Handlers\FileHandler' driver.
WARNING - 2023-09-19 02:56:45 --> [DEPRECATED] Creation of dynamic property App\Controllers\ControllerTanggapan::$ModelPengaduan is deprecated in APPPATH\Controllers\ControllerTanggapan.php on line 15.
 1 SYSTEMPATH\CodeIgniter.php(904): App\Controllers\ControllerTanggapan->__construct()
 2 SYSTEMPATH\CodeIgniter.php(488): CodeIgniter\CodeIgniter->createController()
 3 SYSTEMPATH\CodeIgniter.php(366): CodeIgniter\CodeIgniter->handleRequest(null, Object(Config\Cache), false)
 4 FCPATH\index.php(67): CodeIgniter\CodeIgniter->run()
WARNING - 2023-09-19 02:56:45 --> [DEPRECATED] Creation of dynamic property App\Controllers\ControllerTanggapan::$ModelMasyarakat is deprecated in APPPATH\Controllers\ControllerTanggapan.php on line 16.
 1 SYSTEMPATH\CodeIgniter.php(904): App\Controllers\ControllerTanggapan->__construct()
 2 SYSTEMPATH\CodeIgniter.php(488): CodeIgniter\CodeIgniter->createController()
 3 SYSTEMPATH\CodeIgniter.php(366): CodeIgniter\CodeIgniter->handleRequest(null, Object(Config\Cache), false)
 4 FCPATH\index.php(67): CodeIgniter\CodeIgniter->run()
WARNING - 2023-09-19 02:56:45 --> [DEPRECATED] Creation of dynamic property App\Controllers\ControllerTanggapan::$ModelTanggapan is deprecated in APPPATH\Controllers\ControllerTanggapan.php on line 17.
 1 SYSTEMPATH\CodeIgniter.php(904): App\Controllers\ControllerTanggapan->__construct()
 2 SYSTEMPATH\CodeIgniter.php(488): CodeIgniter\CodeIgniter->createController()
 3 SYSTEMPATH\CodeIgniter.php(366): CodeIgniter\CodeIgniter->handleRequest(null, Object(Config\Cache), false)
 4 FCPATH\index.php(67): CodeIgniter\CodeIgniter->run()
WARNING - 2023-09-19 02:56:45 --> [DEPRECATED] Creation of dynamic property App\Controllers\ControllerTanggapan::$ModelPetugas is deprecated in APPPATH\Controllers\ControllerTanggapan.php on line 18.
 1 SYSTEMPATH\CodeIgniter.php(904): App\Controllers\ControllerTanggapan->__construct()
 2 SYSTEMPATH\CodeIgniter.php(488): CodeIgniter\CodeIgniter->createController()
 3 SYSTEMPATH\CodeIgniter.php(366): CodeIgniter\CodeIgniter->handleRequest(null, Object(Config\Cache), false)
 4 FCPATH\index.php(67): CodeIgniter\CodeIgniter->run()
INFO - 2023-09-19 02:56:45 --> Session: Class initialized using 'CodeIgniter\Session\Handlers\FileHandler' driver.
WARNING - 2023-09-19 02:56:45 --> [DEPRECATED] Creation of dynamic property App\Controllers\ControllerTanggapan::$ModelPengaduan is deprecated in APPPATH\Controllers\ControllerTanggapan.php on line 15.
 1 SYSTEMPATH\CodeIgniter.php(904): App\Controllers\ControllerTanggapan->__construct()
 2 SYSTEMPATH\CodeIgniter.php(488): CodeIgniter\CodeIgniter->createController()
 3 SYSTEMPATH\CodeIgniter.php(366): CodeIgniter\CodeIgniter->handleRequest(null, Object(Config\Cache), false)
 4 FCPATH\index.php(67): CodeIgniter\CodeIgniter->run()
WARNING - 2023-09-19 02:56:45 --> [DEPRECATED] Creation of dynamic property App\Controllers\ControllerTanggapan::$ModelMasyarakat is deprecated in APPPATH\Controllers\ControllerTanggapan.php on line 16.
 1 SYSTEMPATH\CodeIgniter.php(904): App\Controllers\ControllerTanggapan->__construct()
 2 SYSTEMPATH\CodeIgniter.php(488): CodeIgniter\CodeIgniter->createController()
 3 SYSTEMPATH\CodeIgniter.php(366): CodeIgniter\CodeIgniter->handleRequest(null, Object(Config\Cache), false)
 4 FCPATH\index.php(67): CodeIgniter\CodeIgniter->run()
WARNING - 2023-09-19 02:56:45 --> [DEPRECATED] Creation of dynamic property App\Controllers\ControllerTanggapan::$ModelTanggapan is deprecated in APPPATH\Controllers\ControllerTanggapan.php on line 17.
 1 SYSTEMPATH\CodeIgniter.php(904): App\Controllers\ControllerTanggapan->__construct()
 2 SYSTEMPATH\CodeIgniter.php(488): CodeIgniter\CodeIgniter->createController()
 3 SYSTEMPATH\CodeIgniter.php(366): CodeIgniter\CodeIgniter->handleRequest(null, Object(Config\Cache), false)
 4 FCPATH\index.php(67): CodeIgniter\CodeIgniter->run()
WARNING - 2023-09-19 02:56:45 --> [DEPRECATED] Creation of dynamic property App\Controllers\ControllerTanggapan::$ModelPetugas is deprecated in APPPATH\Controllers\ControllerTanggapan.php on line 18.
 1 SYSTEMPATH\CodeIgniter.php(904): App\Controllers\ControllerTanggapan->__construct()
 2 SYSTEMPATH\CodeIgniter.php(488): CodeIgniter\CodeIgniter->createController()
 3 SYSTEMPATH\CodeIgniter.php(366): CodeIgniter\CodeIgniter->handleRequest(null, Object(Config\Cache), false)
 4 FCPATH\index.php(67): CodeIgniter\CodeIgniter->run()
INFO - 2023-09-19 02:56:45 --> Session: Class initialized using 'CodeIgniter\Session\Handlers\FileHandler' driver.
WARNING - 2023-09-19 02:56:49 --> [DEPRECATED] Creation of dynamic property App\Controllers\ControllerTanggapan::$ModelPengaduan is deprecated in APPPATH\Controllers\ControllerTanggapan.php on line 15.
 1 SYSTEMPATH\CodeIgniter.php(904): App\Controllers\ControllerTanggapan->__construct()
 2 SYSTEMPATH\CodeIgniter.php(488): CodeIgniter\CodeIgniter->createController()
 3 SYSTEMPATH\CodeIgniter.php(366): CodeIgniter\CodeIgniter->handleRequest(null, Object(Config\Cache), false)
 4 FCPATH\index.php(67): CodeIgniter\CodeIgniter->run()
WARNING - 2023-09-19 02:56:49 --> [DEPRECATED] Creation of dynamic property App\Controllers\ControllerTanggapan::$ModelMasyarakat is deprecated in APPPATH\Controllers\ControllerTanggapan.php on line 16.
 1 SYSTEMPATH\CodeIgniter.php(904): App\Controllers\ControllerTanggapan->__construct()
 2 SYSTEMPATH\CodeIgniter.php(488): CodeIgniter\CodeIgniter->createController()
 3 SYSTEMPATH\CodeIgniter.php(366): CodeIgniter\CodeIgniter->handleRequest(null, Object(Config\Cache), false)
 4 FCPATH\index.php(67): CodeIgniter\CodeIgniter->run()
WARNING - 2023-09-19 02:56:49 --> [DEPRECATED] Creation of dynamic property App\Controllers\ControllerTanggapan::$ModelTanggapan is deprecated in APPPATH\Controllers\ControllerTanggapan.php on line 17.
 1 SYSTEMPATH\CodeIgniter.php(904): App\Controllers\ControllerTanggapan->__construct()
 2 SYSTEMPATH\CodeIgniter.php(488): CodeIgniter\CodeIgniter->createController()
 3 SYSTEMPATH\CodeIgniter.php(366): CodeIgniter\CodeIgniter->handleRequest(null, Object(Config\Cache), false)
 4 FCPATH\index.php(67): CodeIgniter\CodeIgniter->run()
WARNING - 2023-09-19 02:56:49 --> [DEPRECATED] Creation of dynamic property App\Controllers\ControllerTanggapan::$ModelPetugas is deprecated in APPPATH\Controllers\ControllerTanggapan.php on line 18.
 1 SYSTEMPATH\CodeIgniter.php(904): App\Controllers\ControllerTanggapan->__construct()
 2 SYSTEMPATH\CodeIgniter.php(488): CodeIgniter\CodeIgniter->createController()
 3 SYSTEMPATH\CodeIgniter.php(366): CodeIgniter\CodeIgniter->handleRequest(null, Object(Config\Cache), false)
 4 FCPATH\index.php(67): CodeIgniter\CodeIgniter->run()
INFO - 2023-09-19 02:56:49 --> Session: Class initialized using 'CodeIgniter\Session\Handlers\FileHandler' driver.
WARNING - 2023-09-19 02:56:51 --> [DEPRECATED] Creation of dynamic property App\Controllers\ControllerTanggapan::$ModelPengaduan is deprecated in APPPATH\Controllers\ControllerTanggapan.php on line 15.
 1 SYSTEMPATH\CodeIgniter.php(904): App\Controllers\ControllerTanggapan->__construct()
 2 SYSTEMPATH\CodeIgniter.php(488): CodeIgniter\CodeIgniter->createController()
 3 SYSTEMPATH\CodeIgniter.php(366): CodeIgniter\CodeIgniter->handleRequest(null, Object(Config\Cache), false)
 4 FCPATH\index.php(67): CodeIgniter\CodeIgniter->run()
WARNING - 2023-09-19 02:56:51 --> [DEPRECATED] Creation of dynamic property App\Controllers\ControllerTanggapan::$ModelMasyarakat is deprecated in APPPATH\Controllers\ControllerTanggapan.php on line 16.
 1 SYSTEMPATH\CodeIgniter.php(904): App\Controllers\ControllerTanggapan->__construct()
 2 SYSTEMPATH\CodeIgniter.php(488): CodeIgniter\CodeIgniter->createController()
 3 SYSTEMPATH\CodeIgniter.php(366): CodeIgniter\CodeIgniter->handleRequest(null, Object(Config\Cache), false)
 4 FCPATH\index.php(67): CodeIgniter\CodeIgniter->run()
WARNING - 2023-09-19 02:56:51 --> [DEPRECATED] Creation of dynamic property App\Controllers\ControllerTanggapan::$ModelTanggapan is deprecated in APPPATH\Controllers\ControllerTanggapan.php on line 17.
 1 SYSTEMPATH\CodeIgniter.php(904): App\Controllers\ControllerTanggapan->__construct()
 2 SYSTEMPATH\CodeIgniter.php(488): CodeIgniter\CodeIgniter->createController()
 3 SYSTEMPATH\CodeIgniter.php(366): CodeIgniter\CodeIgniter->handleRequest(null, Object(Config\Cache), false)
 4 FCPATH\index.php(67): CodeIgniter\CodeIgniter->run()
WARNING - 2023-09-19 02:56:51 --> [DEPRECATED] Creation of dynamic property App\Controllers\ControllerTanggapan::$ModelPetugas is deprecated in APPPATH\Controllers\ControllerTanggapan.php on line 18.
 1 SYSTEMPATH\CodeIgniter.php(904): App\Controllers\ControllerTanggapan->__construct()
 2 SYSTEMPATH\CodeIgniter.php(488): CodeIgniter\CodeIgniter->createController()
 3 SYSTEMPATH\CodeIgniter.php(366): CodeIgniter\CodeIgniter->handleRequest(null, Object(Config\Cache), false)
 4 FCPATH\index.php(67): CodeIgniter\CodeIgniter->run()
INFO - 2023-09-19 02:56:51 --> Session: Class initialized using 'CodeIgniter\Session\Handlers\FileHandler' driver.
WARNING - 2023-09-19 02:56:51 --> [DEPRECATED] Creation of dynamic property App\Controllers\ControllerTanggapan::$ModelPengaduan is deprecated in APPPATH\Controllers\ControllerTanggapan.php on line 15.
 1 SYSTEMPATH\CodeIgniter.php(904): App\Controllers\ControllerTanggapan->__construct()
 2 SYSTEMPATH\CodeIgniter.php(488): CodeIgniter\CodeIgniter->createController()
 3 SYSTEMPATH\CodeIgniter.php(366): CodeIgniter\CodeIgniter->handleRequest(null, Object(Config\Cache), false)
 4 FCPATH\index.php(67): CodeIgniter\CodeIgniter->run()
WARNING - 2023-09-19 02:56:51 --> [DEPRECATED] Creation of dynamic property App\Controllers\ControllerTanggapan::$ModelMasyarakat is deprecated in APPPATH\Controllers\ControllerTanggapan.php on line 16.
 1 SYSTEMPATH\CodeIgniter.php(904): App\Controllers\ControllerTanggapan->__construct()
 2 SYSTEMPATH\CodeIgniter.php(488): CodeIgniter\CodeIgniter->createController()
 3 SYSTEMPATH\CodeIgniter.php(366): CodeIgniter\CodeIgniter->handleRequest(null, Object(Config\Cache), false)
 4 FCPATH\index.php(67): CodeIgniter\CodeIgniter->run()
WARNING - 2023-09-19 02:56:51 --> [DEPRECATED] Creation of dynamic property App\Controllers\ControllerTanggapan::$ModelTanggapan is deprecated in APPPATH\Controllers\ControllerTanggapan.php on line 17.
 1 SYSTEMPATH\CodeIgniter.php(904): App\Controllers\ControllerTanggapan->__construct()
 2 SYSTEMPATH\CodeIgniter.php(488): CodeIgniter\CodeIgniter->createController()
 3 SYSTEMPATH\CodeIgniter.php(366): CodeIgniter\CodeIgniter->handleRequest(null, Object(Config\Cache), false)
 4 FCPATH\index.php(67): CodeIgniter\CodeIgniter->run()
WARNING - 2023-09-19 02:56:51 --> [DEPRECATED] Creation of dynamic property App\Controllers\ControllerTanggapan::$ModelPetugas is deprecated in APPPATH\Controllers\ControllerTanggapan.php on line 18.
 1 SYSTEMPATH\CodeIgniter.php(904): App\Controllers\ControllerTanggapan->__construct()
 2 SYSTEMPATH\CodeIgniter.php(488): CodeIgniter\CodeIgniter->createController()
 3 SYSTEMPATH\CodeIgniter.php(366): CodeIgniter\CodeIgniter->handleRequest(null, Object(Config\Cache), false)
 4 FCPATH\index.php(67): CodeIgniter\CodeIgniter->run()
INFO - 2023-09-19 02:56:51 --> Session: Class initialized using 'CodeIgniter\Session\Handlers\FileHandler' driver.
WARNING - 2023-09-19 02:56:55 --> [DEPRECATED] Creation of dynamic property App\Controllers\ControllerTanggapan::$ModelPengaduan is deprecated in APPPATH\Controllers\ControllerTanggapan.php on line 15.
 1 SYSTEMPATH\CodeIgniter.php(904): App\Controllers\ControllerTanggapan->__construct()
 2 SYSTEMPATH\CodeIgniter.php(488): CodeIgniter\CodeIgniter->createController()
 3 SYSTEMPATH\CodeIgniter.php(366): CodeIgniter\CodeIgniter->handleRequest(null, Object(Config\Cache), false)
 4 FCPATH\index.php(67): CodeIgniter\CodeIgniter->run()
WARNING - 2023-09-19 02:56:55 --> [DEPRECATED] Creation of dynamic property App\Controllers\ControllerTanggapan::$ModelMasyarakat is deprecated in APPPATH\Controllers\ControllerTanggapan.php on line 16.
 1 SYSTEMPATH\CodeIgniter.php(904): App\Controllers\ControllerTanggapan->__construct()
 2 SYSTEMPATH\CodeIgniter.php(488): CodeIgniter\CodeIgniter->createController()
 3 SYSTEMPATH\CodeIgniter.php(366): CodeIgniter\CodeIgniter->handleRequest(null, Object(Config\Cache), false)
 4 FCPATH\index.php(67): CodeIgniter\CodeIgniter->run()
WARNING - 2023-09-19 02:56:55 --> [DEPRECATED] Creation of dynamic property App\Controllers\ControllerTanggapan::$ModelTanggapan is deprecated in APPPATH\Controllers\ControllerTanggapan.php on line 17.
 1 SYSTEMPATH\CodeIgniter.php(904): App\Controllers\ControllerTanggapan->__construct()
 2 SYSTEMPATH\CodeIgniter.php(488): CodeIgniter\CodeIgniter->createController()
 3 SYSTEMPATH\CodeIgniter.php(366): CodeIgniter\CodeIgniter->handleRequest(null, Object(Config\Cache), false)
 4 FCPATH\index.php(67): CodeIgniter\CodeIgniter->run()
WARNING - 2023-09-19 02:56:55 --> [DEPRECATED] Creation of dynamic property App\Controllers\ControllerTanggapan::$ModelPetugas is deprecated in APPPATH\Controllers\ControllerTanggapan.php on line 18.
 1 SYSTEMPATH\CodeIgniter.php(904): App\Controllers\ControllerTanggapan->__construct()
 2 SYSTEMPATH\CodeIgniter.php(488): CodeIgniter\CodeIgniter->createController()
 3 SYSTEMPATH\CodeIgniter.php(366): CodeIgniter\CodeIgniter->handleRequest(null, Object(Config\Cache), false)
 4 FCPATH\index.php(67): CodeIgniter\CodeIgniter->run()
INFO - 2023-09-19 02:56:55 --> Session: Class initialized using 'CodeIgniter\Session\Handlers\FileHandler' driver.
WARNING - 2023-09-19 02:57:19 --> [DEPRECATED] Creation of dynamic property App\Controllers\ControllerPengaduan::$ModelPengaduan is deprecated in APPPATH\Controllers\ControllerPengaduan.php on line 13.
 1 SYSTEMPATH\CodeIgniter.php(904): App\Controllers\ControllerPengaduan->__construct()
 2 SYSTEMPATH\CodeIgniter.php(488): CodeIgniter\CodeIgniter->createController()
 3 SYSTEMPATH\CodeIgniter.php(366): CodeIgniter\CodeIgniter->handleRequest(null, Object(Config\Cache), false)
 4 FCPATH\index.php(67): CodeIgniter\CodeIgniter->run()
WARNING - 2023-09-19 02:57:19 --> [DEPRECATED] Creation of dynamic property App\Controllers\ControllerPengaduan::$ModelMasyarakat is deprecated in APPPATH\Controllers\ControllerPengaduan.php on line 14.
 1 SYSTEMPATH\CodeIgniter.php(904): App\Controllers\ControllerPengaduan->__construct()
 2 SYSTEMPATH\CodeIgniter.php(488): CodeIgniter\CodeIgniter->createController()
 3 SYSTEMPATH\CodeIgniter.php(366): CodeIgniter\CodeIgniter->handleRequest(null, Object(Config\Cache), false)
 4 FCPATH\index.php(67): CodeIgniter\CodeIgniter->run()
INFO - 2023-09-19 02:57:19 --> Session: Class initialized using 'CodeIgniter\Session\Handlers\FileHandler' driver.
WARNING - 2023-09-19 02:57:20 --> [DEPRECATED] Creation of dynamic property App\Controllers\ControllerTanggapan::$ModelPengaduan is deprecated in APPPATH\Controllers\ControllerTanggapan.php on line 15.
 1 SYSTEMPATH\CodeIgniter.php(904): App\Controllers\ControllerTanggapan->__construct()
 2 SYSTEMPATH\CodeIgniter.php(488): CodeIgniter\CodeIgniter->createController()
 3 SYSTEMPATH\CodeIgniter.php(366): CodeIgniter\CodeIgniter->handleRequest(null, Object(Config\Cache), false)
 4 FCPATH\index.php(67): CodeIgniter\CodeIgniter->run()
WARNING - 2023-09-19 02:57:20 --> [DEPRECATED] Creation of dynamic property App\Controllers\ControllerTanggapan::$ModelMasyarakat is deprecated in APPPATH\Controllers\ControllerTanggapan.php on line 16.
 1 SYSTEMPATH\CodeIgniter.php(904): App\Controllers\ControllerTanggapan->__construct()
 2 SYSTEMPATH\CodeIgniter.php(488): CodeIgniter\CodeIgniter->createController()
 3 SYSTEMPATH\CodeIgniter.php(366): CodeIgniter\CodeIgniter->handleRequest(null, Object(Config\Cache), false)
 4 FCPATH\index.php(67): CodeIgniter\CodeIgniter->run()
WARNING - 2023-09-19 02:57:20 --> [DEPRECATED] Creation of dynamic property App\Controllers\ControllerTanggapan::$ModelTanggapan is deprecated in APPPATH\Controllers\ControllerTanggapan.php on line 17.
 1 SYSTEMPATH\CodeIgniter.php(904): App\Controllers\ControllerTanggapan->__construct()
 2 SYSTEMPATH\CodeIgniter.php(488): CodeIgniter\CodeIgniter->createController()
 3 SYSTEMPATH\CodeIgniter.php(366): CodeIgniter\CodeIgniter->handleRequest(null, Object(Config\Cache), false)
 4 FCPATH\index.php(67): CodeIgniter\CodeIgniter->run()
WARNING - 2023-09-19 02:57:20 --> [DEPRECATED] Creation of dynamic property App\Controllers\ControllerTanggapan::$ModelPetugas is deprecated in APPPATH\Controllers\ControllerTanggapan.php on line 18.
 1 SYSTEMPATH\CodeIgniter.php(904): App\Controllers\ControllerTanggapan->__construct()
 2 SYSTEMPATH\CodeIgniter.php(488): CodeIgniter\CodeIgniter->createController()
 3 SYSTEMPATH\CodeIgniter.php(366): CodeIgniter\CodeIgniter->handleRequest(null, Object(Config\Cache), false)
 4 FCPATH\index.php(67): CodeIgniter\CodeIgniter->run()
INFO - 2023-09-19 02:57:20 --> Session: Class initialized using 'CodeIgniter\Session\Handlers\FileHandler' driver.
WARNING - 2023-09-19 02:57:38 --> [DEPRECATED] Creation of dynamic property App\Controllers\ControllerTanggapan::$ModelPengaduan is deprecated in APPPATH\Controllers\ControllerTanggapan.php on line 15.
 1 SYSTEMPATH\CodeIgniter.php(904): App\Controllers\ControllerTanggapan->__construct()
 2 SYSTEMPATH\CodeIgniter.php(488): CodeIgniter\CodeIgniter->createController()
 3 SYSTEMPATH\CodeIgniter.php(366): CodeIgniter\CodeIgniter->handleRequest(null, Object(Config\Cache), false)
 4 FCPATH\index.php(67): CodeIgniter\CodeIgniter->run()
WARNING - 2023-09-19 02:57:38 --> [DEPRECATED] Creation of dynamic property App\Controllers\ControllerTanggapan::$ModelMasyarakat is deprecated in APPPATH\Controllers\ControllerTanggapan.php on line 16.
 1 SYSTEMPATH\CodeIgniter.php(904): App\Controllers\ControllerTanggapan->__construct()
 2 SYSTEMPATH\CodeIgniter.php(488): CodeIgniter\CodeIgniter->createController()
 3 SYSTEMPATH\CodeIgniter.php(366): CodeIgniter\CodeIgniter->handleRequest(null, Object(Config\Cache), false)
 4 FCPATH\index.php(67): CodeIgniter\CodeIgniter->run()
WARNING - 2023-09-19 02:57:38 --> [DEPRECATED] Creation of dynamic property App\Controllers\ControllerTanggapan::$ModelTanggapan is deprecated in APPPATH\Controllers\ControllerTanggapan.php on line 17.
 1 SYSTEMPATH\CodeIgniter.php(904): App\Controllers\ControllerTanggapan->__construct()
 2 SYSTEMPATH\CodeIgniter.php(488): CodeIgniter\CodeIgniter->createController()
 3 SYSTEMPATH\CodeIgniter.php(366): CodeIgniter\CodeIgniter->handleRequest(null, Object(Config\Cache), false)
 4 FCPATH\index.php(67): CodeIgniter\CodeIgniter->run()
WARNING - 2023-09-19 02:57:38 --> [DEPRECATED] Creation of dynamic property App\Controllers\ControllerTanggapan::$ModelPetugas is deprecated in APPPATH\Controllers\ControllerTanggapan.php on line 18.
 1 SYSTEMPATH\CodeIgniter.php(904): App\Controllers\ControllerTanggapan->__construct()
 2 SYSTEMPATH\CodeIgniter.php(488): CodeIgniter\CodeIgniter->createController()
 3 SYSTEMPATH\CodeIgniter.php(366): CodeIgniter\CodeIgniter->handleRequest(null, Object(Config\Cache), false)
 4 FCPATH\index.php(67): CodeIgniter\CodeIgniter->run()
INFO - 2023-09-19 02:57:38 --> Session: Class initialized using 'CodeIgniter\Session\Handlers\FileHandler' driver.
WARNING - 2023-09-19 02:57:39 --> [DEPRECATED] Creation of dynamic property App\Controllers\ControllerTanggapan::$ModelPengaduan is deprecated in APPPATH\Controllers\ControllerTanggapan.php on line 15.
 1 SYSTEMPATH\CodeIgniter.php(904): App\Controllers\ControllerTanggapan->__construct()
 2 SYSTEMPATH\CodeIgniter.php(488): CodeIgniter\CodeIgniter->createController()
 3 SYSTEMPATH\CodeIgniter.php(366): CodeIgniter\CodeIgniter->handleRequest(null, Object(Config\Cache), false)
 4 FCPATH\index.php(67): CodeIgniter\CodeIgniter->run()
WARNING - 2023-09-19 02:57:39 --> [DEPRECATED] Creation of dynamic property App\Controllers\ControllerTanggapan::$ModelMasyarakat is deprecated in APPPATH\Controllers\ControllerTanggapan.php on line 16.
 1 SYSTEMPATH\CodeIgniter.php(904): App\Controllers\ControllerTanggapan->__construct()
 2 SYSTEMPATH\CodeIgniter.php(488): CodeIgniter\CodeIgniter->createController()
 3 SYSTEMPATH\CodeIgniter.php(366): CodeIgniter\CodeIgniter->handleRequest(null, Object(Config\Cache), false)
 4 FCPATH\index.php(67): CodeIgniter\CodeIgniter->run()
WARNING - 2023-09-19 02:57:39 --> [DEPRECATED] Creation of dynamic property App\Controllers\ControllerTanggapan::$ModelTanggapan is deprecated in APPPATH\Controllers\ControllerTanggapan.php on line 17.
 1 SYSTEMPATH\CodeIgniter.php(904): App\Controllers\ControllerTanggapan->__construct()
 2 SYSTEMPATH\CodeIgniter.php(488): CodeIgniter\CodeIgniter->createController()
 3 SYSTEMPATH\CodeIgniter.php(366): CodeIgniter\CodeIgniter->handleRequest(null, Object(Config\Cache), false)
 4 FCPATH\index.php(67): CodeIgniter\CodeIgniter->run()
WARNING - 2023-09-19 02:57:39 --> [DEPRECATED] Creation of dynamic property App\Controllers\ControllerTanggapan::$ModelPetugas is deprecated in APPPATH\Controllers\ControllerTanggapan.php on line 18.
 1 SYSTEMPATH\CodeIgniter.php(904): App\Controllers\ControllerTanggapan->__construct()
 2 SYSTEMPATH\CodeIgniter.php(488): CodeIgniter\CodeIgniter->createController()
 3 SYSTEMPATH\CodeIgniter.php(366): CodeIgniter\CodeIgniter->handleRequest(null, Object(Config\Cache), false)
 4 FCPATH\index.php(67): CodeIgniter\CodeIgniter->run()
INFO - 2023-09-19 02:57:39 --> Session: Class initialized using 'CodeIgniter\Session\Handlers\FileHandler' driver.
WARNING - 2023-09-19 02:57:50 --> [DEPRECATED] Creation of dynamic property App\Controllers\ControllerProfile::$ModelMasyarakat is deprecated in APPPATH\Controllers\ControllerProfile.php on line 13.
 1 SYSTEMPATH\CodeIgniter.php(904): App\Controllers\ControllerProfile->__construct()
 2 SYSTEMPATH\CodeIgniter.php(488): CodeIgniter\CodeIgniter->createController()
 3 SYSTEMPATH\CodeIgniter.php(366): CodeIgniter\CodeIgniter->handleRequest(null, Object(Config\Cache), false)
 4 FCPATH\index.php(67): CodeIgniter\CodeIgniter->run()
WARNING - 2023-09-19 02:57:50 --> [DEPRECATED] Creation of dynamic property App\Controllers\ControllerProfile::$ModelPetugas is deprecated in APPPATH\Controllers\ControllerProfile.php on line 14.
 1 SYSTEMPATH\CodeIgniter.php(904): App\Controllers\ControllerProfile->__construct()
 2 SYSTEMPATH\CodeIgniter.php(488): CodeIgniter\CodeIgniter->createController()
 3 SYSTEMPATH\CodeIgniter.php(366): CodeIgniter\CodeIgniter->handleRequest(null, Object(Config\Cache), false)
 4 FCPATH\index.php(67): CodeIgniter\CodeIgniter->run()
INFO - 2023-09-19 02:57:50 --> Session: Class initialized using 'CodeIgniter\Session\Handlers\FileHandler' driver.
WARNING - 2023-09-19 02:58:36 --> [DEPRECATED] Creation of dynamic property App\Controllers\Home::$ModelMasyarakat is deprecated in APPPATH\Controllers\Home.php on line 12.
 1 SYSTEMPATH\CodeIgniter.php(904): App\Controllers\Home->__construct()
 2 SYSTEMPATH\CodeIgniter.php(488): CodeIgniter\CodeIgniter->createController()
 3 SYSTEMPATH\CodeIgniter.php(366): CodeIgniter\CodeIgniter->handleRequest(null, Object(Config\Cache), false)
 4 FCPATH\index.php(67): CodeIgniter\CodeIgniter->run()
WARNING - 2023-09-19 02:58:36 --> [DEPRECATED] Creation of dynamic property App\Controllers\Home::$ModelPetugas is deprecated in APPPATH\Controllers\Home.php on line 13.
 1 SYSTEMPATH\CodeIgniter.php(904): App\Controllers\Home->__construct()
 2 SYSTEMPATH\CodeIgniter.php(488): CodeIgniter\CodeIgniter->createController()
 3 SYSTEMPATH\CodeIgniter.php(366): CodeIgniter\CodeIgniter->handleRequest(null, Object(Config\Cache), false)
 4 FCPATH\index.php(67): CodeIgniter\CodeIgniter->run()
INFO - 2023-09-19 02:58:36 --> Session: Class initialized using 'CodeIgniter\Session\Handlers\FileHandler' driver.
WARNING - 2023-09-19 02:58:36 --> [DEPRECATED] Creation of dynamic property App\Controllers\Home::$ModelMasyarakat is deprecated in APPPATH\Controllers\Home.php on line 12.
 1 SYSTEMPATH\CodeIgniter.php(904): App\Controllers\Home->__construct()
 2 SYSTEMPATH\CodeIgniter.php(488): CodeIgniter\CodeIgniter->createController()
 3 SYSTEMPATH\CodeIgniter.php(366): CodeIgniter\CodeIgniter->handleRequest(null, Object(Config\Cache), false)
 4 FCPATH\index.php(67): CodeIgniter\CodeIgniter->run()
WARNING - 2023-09-19 02:58:36 --> [DEPRECATED] Creation of dynamic property App\Controllers\Home::$ModelPetugas is deprecated in APPPATH\Controllers\Home.php on line 13.
 1 SYSTEMPATH\CodeIgniter.php(904): App\Controllers\Home->__construct()
 2 SYSTEMPATH\CodeIgniter.php(488): CodeIgniter\CodeIgniter->createController()
 3 SYSTEMPATH\CodeIgniter.php(366): CodeIgniter\CodeIgniter->handleRequest(null, Object(Config\Cache), false)
 4 FCPATH\index.php(67): CodeIgniter\CodeIgniter->run()
INFO - 2023-09-19 02:58:36 --> Session: Class initialized using 'CodeIgniter\Session\Handlers\FileHandler' driver.
WARNING - 2023-09-19 03:00:43 --> [DEPRECATED] Creation of dynamic property App\Controllers\Home::$ModelMasyarakat is deprecated in APPPATH\Controllers\Home.php on line 12.
 1 SYSTEMPATH\CodeIgniter.php(904): App\Controllers\Home->__construct()
 2 SYSTEMPATH\CodeIgniter.php(488): CodeIgniter\CodeIgniter->createController()
 3 SYSTEMPATH\CodeIgniter.php(366): CodeIgniter\CodeIgniter->handleRequest(null, Object(Config\Cache), false)
 4 FCPATH\index.php(67): CodeIgniter\CodeIgniter->run()
WARNING - 2023-09-19 03:00:43 --> [DEPRECATED] Creation of dynamic property App\Controllers\Home::$ModelPetugas is deprecated in APPPATH\Controllers\Home.php on line 13.
 1 SYSTEMPATH\CodeIgniter.php(904): App\Controllers\Home->__construct()
 2 SYSTEMPATH\CodeIgniter.php(488): CodeIgniter\CodeIgniter->createController()
 3 SYSTEMPATH\CodeIgniter.php(366): CodeIgniter\CodeIgniter->handleRequest(null, Object(Config\Cache), false)
 4 FCPATH\index.php(67): CodeIgniter\CodeIgniter->run()
INFO - 2023-09-19 03:00:43 --> Session: Class initialized using 'CodeIgniter\Session\Handlers\FileHandler' driver.
WARNING - 2023-09-19 03:00:46 --> [DEPRECATED] Creation of dynamic property App\Controllers\Home::$ModelMasyarakat is deprecated in APPPATH\Controllers\Home.php on line 12.
 1 SYSTEMPATH\CodeIgniter.php(904): App\Controllers\Home->__construct()
 2 SYSTEMPATH\CodeIgniter.php(488): CodeIgniter\CodeIgniter->createController()
 3 SYSTEMPATH\CodeIgniter.php(366): CodeIgniter\CodeIgniter->handleRequest(null, Object(Config\Cache), false)
 4 FCPATH\index.php(67): CodeIgniter\CodeIgniter->run()
WARNING - 2023-09-19 03:00:46 --> [DEPRECATED] Creation of dynamic property App\Controllers\Home::$ModelPetugas is deprecated in APPPATH\Controllers\Home.php on line 13.
 1 SYSTEMPATH\CodeIgniter.php(904): App\Controllers\Home->__construct()
 2 SYSTEMPATH\CodeIgniter.php(488): CodeIgniter\CodeIgniter->createController()
 3 SYSTEMPATH\CodeIgniter.php(366): CodeIgniter\CodeIgniter->handleRequest(null, Object(Config\Cache), false)
 4 FCPATH\index.php(67): CodeIgniter\CodeIgniter->run()
INFO - 2023-09-19 03:00:46 --> Session: Class initialized using 'CodeIgniter\Session\Handlers\FileHandler' driver.
WARNING - 2023-09-19 03:00:49 --> [DEPRECATED] Creation of dynamic property App\Controllers\Home::$ModelMasyarakat is deprecated in APPPATH\Controllers\Home.php on line 12.
 1 SYSTEMPATH\CodeIgniter.php(904): App\Controllers\Home->__construct()
 2 SYSTEMPATH\CodeIgniter.php(488): CodeIgniter\CodeIgniter->createController()
 3 SYSTEMPATH\CodeIgniter.php(366): CodeIgniter\CodeIgniter->handleRequest(null, Object(Config\Cache), false)
 4 FCPATH\index.php(67): CodeIgniter\CodeIgniter->run()
WARNING - 2023-09-19 03:00:49 --> [DEPRECATED] Creation of dynamic property App\Controllers\Home::$ModelPetugas is deprecated in APPPATH\Controllers\Home.php on line 13.
 1 SYSTEMPATH\CodeIgniter.php(904): App\Controllers\Home->__construct()
 2 SYSTEMPATH\CodeIgniter.php(488): CodeIgniter\CodeIgniter->createController()
 3 SYSTEMPATH\CodeIgniter.php(366): CodeIgniter\CodeIgniter->handleRequest(null, Object(Config\Cache), false)
 4 FCPATH\index.php(67): CodeIgniter\CodeIgniter->run()
INFO - 2023-09-19 03:00:49 --> Session: Class initialized using 'CodeIgniter\Session\Handlers\FileHandler' driver.
WARNING - 2023-09-19 03:00:49 --> [DEPRECATED] Creation of dynamic property App\Controllers\ControllerProfile::$ModelMasyarakat is deprecated in APPPATH\Controllers\ControllerProfile.php on line 13.
 1 SYSTEMPATH\CodeIgniter.php(904): App\Controllers\ControllerProfile->__construct()
 2 SYSTEMPATH\CodeIgniter.php(488): CodeIgniter\CodeIgniter->createController()
 3 SYSTEMPATH\CodeIgniter.php(366): CodeIgniter\CodeIgniter->handleRequest(null, Object(Config\Cache), false)
 4 FCPATH\index.php(67): CodeIgniter\CodeIgniter->run()
WARNING - 2023-09-19 03:00:49 --> [DEPRECATED] Creation of dynamic property App\Controllers\ControllerProfile::$ModelPetugas is deprecated in APPPATH\Controllers\ControllerProfile.php on line 14.
 1 SYSTEMPATH\CodeIgniter.php(904): App\Controllers\ControllerProfile->__construct()
 2 SYSTEMPATH\CodeIgniter.php(488): CodeIgniter\CodeIgniter->createController()
 3 SYSTEMPATH\CodeIgniter.php(366): CodeIgniter\CodeIgniter->handleRequest(null, Object(Config\Cache), false)
 4 FCPATH\index.php(67): CodeIgniter\CodeIgniter->run()
INFO - 2023-09-19 03:00:49 --> Session: Class initialized using 'CodeIgniter\Session\Handlers\FileHandler' driver.
WARNING - 2023-09-19 03:01:02 --> [DEPRECATED] Creation of dynamic property App\Controllers\Home::$ModelMasyarakat is deprecated in APPPATH\Controllers\Home.php on line 12.
 1 SYSTEMPATH\CodeIgniter.php(904): App\Controllers\Home->__construct()
 2 SYSTEMPATH\CodeIgniter.php(488): CodeIgniter\CodeIgniter->createController()
 3 SYSTEMPATH\CodeIgniter.php(366): CodeIgniter\CodeIgniter->handleRequest(null, Object(Config\Cache), false)
 4 FCPATH\index.php(67): CodeIgniter\CodeIgniter->run()
WARNING - 2023-09-19 03:01:02 --> [DEPRECATED] Creation of dynamic property App\Controllers\Home::$ModelPetugas is deprecated in APPPATH\Controllers\Home.php on line 13.
 1 SYSTEMPATH\CodeIgniter.php(904): App\Controllers\Home->__construct()
 2 SYSTEMPATH\CodeIgniter.php(488): CodeIgniter\CodeIgniter->createController()
 3 SYSTEMPATH\CodeIgniter.php(366): CodeIgniter\CodeIgniter->handleRequest(null, Object(Config\Cache), false)
 4 FCPATH\index.php(67): CodeIgniter\CodeIgniter->run()
INFO - 2023-09-19 03:01:03 --> Session: Class initialized using 'CodeIgniter\Session\Handlers\FileHandler' driver.
WARNING - 2023-09-19 03:01:03 --> [DEPRECATED] Creation of dynamic property App\Controllers\Home::$ModelMasyarakat is deprecated in APPPATH\Controllers\Home.php on line 12.
 1 SYSTEMPATH\CodeIgniter.php(904): App\Controllers\Home->__construct()
 2 SYSTEMPATH\CodeIgniter.php(488): CodeIgniter\CodeIgniter->createController()
 3 SYSTEMPATH\CodeIgniter.php(366): CodeIgniter\CodeIgniter->handleRequest(null, Object(Config\Cache), false)
 4 FCPATH\index.php(67): CodeIgniter\CodeIgniter->run()
WARNING - 2023-09-19 03:01:03 --> [DEPRECATED] Creation of dynamic property App\Controllers\Home::$ModelPetugas is deprecated in APPPATH\Controllers\Home.php on line 13.
 1 SYSTEMPATH\CodeIgniter.php(904): App\Controllers\Home->__construct()
 2 SYSTEMPATH\CodeIgniter.php(488): CodeIgniter\CodeIgniter->createController()
 3 SYSTEMPATH\CodeIgniter.php(366): CodeIgniter\CodeIgniter->handleRequest(null, Object(Config\Cache), false)
 4 FCPATH\index.php(67): CodeIgniter\CodeIgniter->run()
INFO - 2023-09-19 03:01:03 --> Session: Class initialized using 'CodeIgniter\Session\Handlers\FileHandler' driver.
